#
# There is insufficient memory for the Java Runtime Environment to continue.
# Native memory allocation (malloc) failed to allocate 2075856 bytes. Error detail: Chunk::new
# Possible reasons:
#   The system is out of physical RAM or swap space
#   This process is running with CompressedOops enabled, and the Java Heap may be blocking the growth of the native heap
# Possible solutions:
#   Reduce memory load on the system
#   Increase physical memory or swap space
#   Check if swap backing store is full
#   Decrease Java heap size (-Xmx/-Xms)
#   Decrease number of Java threads
#   Decrease Java thread stack sizes (-Xss)
#   Set larger code cache with -XX:ReservedCodeCacheSize=
#   JVM is running with Unscaled Compressed Oops mode in which the Java heap is
#     placed in the first 4GB address space. The Java Heap base address is the
#     maximum limit for the native heap growth. Please use -XX:HeapBaseMinAddress
#     to set the Java Heap base and to place the Java Heap above 4GB virtual address.
# This output file may be truncated or incomplete.
#
#  Out of Memory Error (arena.cpp:191), pid=26500, tid=6960
#
# JRE version: OpenJDK Runtime Environment Temurin-17.0.15+6 (17.0.15+6) (build 17.0.15+6)
# Java VM: OpenJDK 64-Bit Server VM Temurin-17.0.15+6 (17.0.15+6, mixed mode, sharing, tiered, compressed oops, compressed class ptrs, g1 gc, windows-amd64)
# No core dump will be written. Minidumps are not enabled by default on client versions of Windows
#

---------------  S U M M A R Y ------------

Command Line: -XX:+ShowCodeDetailsInExceptionMessages -Dspring.jmx.enabled=true -Dmanagement.endpoints.jmx.exposure.include=* -Dspring.application.admin.enabled=true -Dspring.boot.project.name=backend -Djava.rmi.server.hostname=localhost -Dcom.sun.management.jmxremote.port=45556 -Dcom.sun.management.jmxremote.authenticate=false -Dcom.sun.management.jmxremote.ssl=false com.medi.backend.BackendApplication

Host: 11th Gen Intel(R) Core(TM) i7-1165G7 @ 2.80GHz, 8 cores, 7G,  Windows 11 , 64 bit Build 26100 (10.0.26100.2161)
Time: Thu Nov 13 09:44:31 2025  Windows 11 , 64 bit Build 26100 (10.0.26100.2161) elapsed time: 145714.638979 seconds (1d 16h 28m 34s)

---------------  T H R E A D  ---------------

Current thread (0x00000221ff524f90):  JavaThread "C2 CompilerThread0" daemon [_thread_in_native, id=6960, stack(0x000000f2a7300000,0x000000f2a7400000)]


Current CompileTask:
C2:145714639 18248       4       org.yaml.snakeyaml.scanner.ScannerImpl::fetchMoreTokens (474 bytes)

Stack: [0x000000f2a7300000,0x000000f2a7400000]
Native frames: (J=compiled Java code, j=interpreted, Vv=VM code, C=native code)
V  [jvm.dll+0x682fc9]
V  [jvm.dll+0x839878]
V  [jvm.dll+0x83b323]
V  [jvm.dll+0x83b993]
V  [jvm.dll+0x24725f]
V  [jvm.dll+0xacea4]
V  [jvm.dll+0xad53c]
V  [jvm.dll+0x365c1f]
V  [jvm.dll+0x32fe58]
V  [jvm.dll+0x32f2da]
V  [jvm.dll+0x21824f]
V  [jvm.dll+0x21768f]
V  [jvm.dll+0x1a31b0]
V  [jvm.dll+0x227a9c]
V  [jvm.dll+0x225bfb]
V  [jvm.dll+0x7ef018]
V  [jvm.dll+0x7e94dc]
V  [jvm.dll+0x681ea7]
C  [ucrtbase.dll+0x14ea0]
C  [KERNEL32.DLL+0x2dbe7]
C  [ntdll.dll+0xdfbec]


---------------  P R O C E S S  ---------------

Threads class SMR info:
_java_thread_list=0x00000221d8f306e0, length=26, elements={
0x00000221ff501400, 0x00000221ff501fc0, 0x00000221ff5204a0, 0x00000221ff522e70,
0x00000221ff523830, 0x00000221ff5241f0, 0x00000221ff524f90, 0x00000221ff525a40,
0x00000221ff528450, 0x00000221ff4eccb0, 0x00000221d419b560, 0x00000221d49f2f50,
0x00000221d49f9070, 0x00000221d4a35fb0, 0x00000221d536dd60, 0x00000221db51c4e0,
0x00000221db520bc0, 0x00000221d536c410, 0x00000221d8ecbb80, 0x00000221d49b1f00,
0x00000221d7118990, 0x00000221d7509980, 0x00000221d71193b0, 0x00000221db51d920,
0x00000221d499ea80, 0x00000221d854f660
}

Java Threads: ( => current thread )
  0x00000221ff501400 JavaThread "Reference Handler" daemon [_thread_blocked, id=7388, stack(0x000000f2a6d00000,0x000000f2a6e00000)]
  0x00000221ff501fc0 JavaThread "Finalizer" daemon [_thread_blocked, id=12344, stack(0x000000f2a6e00000,0x000000f2a6f00000)]
  0x00000221ff5204a0 JavaThread "Signal Dispatcher" daemon [_thread_blocked, id=24116, stack(0x000000f2a6f00000,0x000000f2a7000000)]
  0x00000221ff522e70 JavaThread "Attach Listener" daemon [_thread_blocked, id=24972, stack(0x000000f2a7000000,0x000000f2a7100000)]
  0x00000221ff523830 JavaThread "Service Thread" daemon [_thread_blocked, id=21428, stack(0x000000f2a7100000,0x000000f2a7200000)]
  0x00000221ff5241f0 JavaThread "Monitor Deflation Thread" daemon [_thread_blocked, id=12380, stack(0x000000f2a7200000,0x000000f2a7300000)]
=>0x00000221ff524f90 JavaThread "C2 CompilerThread0" daemon [_thread_in_native, id=6960, stack(0x000000f2a7300000,0x000000f2a7400000)]
  0x00000221ff525a40 JavaThread "C1 CompilerThread0" daemon [_thread_blocked, id=21868, stack(0x000000f2a7400000,0x000000f2a7500000)]
  0x00000221ff528450 JavaThread "Sweeper thread" daemon [_thread_blocked, id=6900, stack(0x000000f2a7500000,0x000000f2a7600000)]
  0x00000221ff4eccb0 JavaThread "Common-Cleaner" daemon [_thread_blocked, id=9148, stack(0x000000f2a7600000,0x000000f2a7700000)]
  0x00000221d419b560 JavaThread "Notification Thread" daemon [_thread_blocked, id=23524, stack(0x000000f2a7700000,0x000000f2a7800000)]
  0x00000221d49f2f50 JavaThread "RMI TCP Accept-0" daemon [_thread_in_native, id=18880, stack(0x000000f2a7900000,0x000000f2a7a00000)]
  0x00000221d49f9070 JavaThread "RMI TCP Accept-45556" daemon [_thread_in_native, id=27700, stack(0x000000f2a7a00000,0x000000f2a7b00000)]
  0x00000221d4a35fb0 JavaThread "RMI TCP Accept-0" daemon [_thread_in_native, id=20636, stack(0x000000f2a7b00000,0x000000f2a7c00000)]
  0x00000221d536dd60 JavaThread "RMI Scheduler(0)" daemon [_thread_blocked, id=4808, stack(0x000000f2a8b00000,0x000000f2a8c00000)]
  0x00000221db51c4e0 JavaThread "mysql-cj-abandoned-connection-cleanup" daemon [_thread_blocked, id=16628, stack(0x000000f2a9100000,0x000000f2a9200000)]
  0x00000221db520bc0 JavaThread "Live Reload Server" daemon [_thread_in_native, id=9772, stack(0x000000f2a9500000,0x000000f2a9600000)]
  0x00000221d536c410 JavaThread "DestroyJavaVM" [_thread_blocked, id=16060, stack(0x000000f2a6600000,0x000000f2a6700000)]
  0x00000221d8ecbb80 JavaThread "boundedElastic-evictor-1" daemon [_thread_blocked, id=9040, stack(0x000000f2a6400000,0x000000f2a6500000)]
  0x00000221d49b1f00 JavaThread "File Watcher" daemon [_thread_in_native, id=2772, stack(0x000000f2a7800000,0x000000f2a7900000)]
  0x00000221d7118990 JavaThread "File Watcher" daemon [_thread_blocked, id=13620, stack(0x000000f2a6500000,0x000000f2a6600000)]
  0x00000221d7509980 JavaThread "Thread-85" [_thread_blocked, id=19912, stack(0x000000f2a6300000,0x000000f2a6400000)]
  0x00000221d71193b0 JavaThread "File Watcher" daemon [_thread_blocked, id=15040, stack(0x000000f2a8800000,0x000000f2a8900000)]
  0x00000221db51d920 JavaThread "File Watcher" daemon [_thread_blocked, id=25760, stack(0x000000f2a8c00000,0x000000f2a8d00000)]
  0x00000221d499ea80 JavaThread "File Watcher" daemon [_thread_blocked, id=25324, stack(0x000000f2a8a00000,0x000000f2a8b00000)]
  0x00000221d854f660 JavaThread "restartedMain" [_thread_in_native, id=18692, stack(0x000000f2a8e00000,0x000000f2a8f00000)]

Other Threads:
  0x00000221ff4fdad0 VMThread "VM Thread" [stack: 0x000000f2a6c00000,0x000000f2a6d00000] [id=12804]
  0x00000221f0083d70 WatcherThread [stack: 0x000000f2a7c00000,0x000000f2a7d00000] [id=28244]
  0x00000221f00e8a50 GCTaskThread "GC Thread#0" [stack: 0x000000f2a6700000,0x000000f2a6800000] [id=16348]
  0x00000221d4d53f80 GCTaskThread "GC Thread#1" [stack: 0x000000f2a7d00000,0x000000f2a7e00000] [id=14224]
  0x00000221d4d47110 GCTaskThread "GC Thread#2" [stack: 0x000000f2a7e00000,0x000000f2a7f00000] [id=21152]
  0x00000221d4d62510 GCTaskThread "GC Thread#3" [stack: 0x000000f2a7f00000,0x000000f2a8000000] [id=5340]
  0x00000221d4da0520 GCTaskThread "GC Thread#4" [stack: 0x000000f2a8000000,0x000000f2a8100000] [id=17780]
  0x00000221d4dc44c0 GCTaskThread "GC Thread#5" [stack: 0x000000f2a8100000,0x000000f2a8200000] [id=1224]
  0x00000221d4dc4780 GCTaskThread "GC Thread#6" [stack: 0x000000f2a8200000,0x000000f2a8300000] [id=23752]
  0x00000221d4dc8a50 GCTaskThread "GC Thread#7" [stack: 0x000000f2a8300000,0x000000f2a8400000] [id=17872]
  0x00000221f00fa030 ConcurrentGCThread "G1 Main Marker" [stack: 0x000000f2a6800000,0x000000f2a6900000] [id=9384]
  0x00000221f00fb1f0 ConcurrentGCThread "G1 Conc#0" [stack: 0x000000f2a6900000,0x000000f2a6a00000] [id=8236]
  0x00000221d61fde50 ConcurrentGCThread "G1 Conc#1" [stack: 0x000000f2a8900000,0x000000f2a8a00000] [id=21432]
  0x00000221f011e100 ConcurrentGCThread "G1 Refine#0" [stack: 0x000000f2a6a00000,0x000000f2a6b00000] [id=26356]
  0x00000221d4d618f0 ConcurrentGCThread "G1 Refine#1" [stack: 0x000000f2a8400000,0x000000f2a8500000] [id=29608]
  0x00000221d4d5a3c0 ConcurrentGCThread "G1 Refine#2" [stack: 0x000000f2a8500000,0x000000f2a8600000] [id=20108]
  0x00000221f011e9d0 ConcurrentGCThread "G1 Service" [stack: 0x000000f2a6b00000,0x000000f2a6c00000] [id=28112]

Threads with active compile tasks:
C2 CompilerThread0  145714694 18248       4       org.yaml.snakeyaml.scanner.ScannerImpl::fetchMoreTokens (474 bytes)

VM state: not at safepoint (normal execution)

VM Mutex/Monitor currently owned by a thread: None

Heap address: 0x0000000083200000, size: 1998 MB, Compressed Oops mode: 32-bit

CDS archive(s) mapped at: [0x000002218f000000-0x000002218fbb0000-0x000002218fbb0000), size 12255232, SharedBaseAddress: 0x000002218f000000, ArchiveRelocationMode: 1.
Compressed class space mapped at: 0x0000022190000000-0x00000221d0000000, reserved size: 1073741824
Narrow klass base: 0x000002218f000000, Narrow klass shift: 0, Narrow klass range: 0x100000000

GC Precious Log:
 CPUs: 8 total, 8 available
 Memory: 7991M
 Large Page Support: Disabled
 NUMA Support: Disabled
 Compressed Oops: Enabled (32-bit)
 Heap Region Size: 1M
 Heap Min Capacity: 8M
 Heap Initial Capacity: 126M
 Heap Max Capacity: 1998M
 Pre-touch: Disabled
 Parallel Workers: 8
 Concurrent Workers: 2
 Concurrent Refinement Workers: 8
 Periodic GC: Disabled

Heap:
 garbage-first heap   total 211968K, used 152742K [0x0000000083200000, 0x0000000100000000)
  region size 1024K, 76 young (77824K), 6 survivors (6144K)
 Metaspace       used 96473K, committed 97536K, reserved 1179648K
  class space    used 11804K, committed 12416K, reserved 1048576K

Heap Regions: E=young(eden), S=young(survivor), O=old, HS=humongous(starts), HC=humongous(continues), CS=collection set, F=free, OA=open archive, CA=closed archive, TAMS=top-at-mark-start (previous, next)
|   0|0x0000000083200000, 0x0000000083300000, 0x0000000083300000|100%| O|  |TAMS 0x0000000083300000, 0x0000000083200000| Untracked 
|   1|0x0000000083300000, 0x0000000083400000, 0x0000000083400000|100%| O|  |TAMS 0x0000000083400000, 0x0000000083300000| Untracked 
|   2|0x0000000083400000, 0x00000000834fffe0, 0x0000000083500000| 99%| O|  |TAMS 0x00000000834fffe0, 0x0000000083400000| Untracked 
|   3|0x0000000083500000, 0x00000000835fffd0, 0x0000000083600000| 99%| O|  |TAMS 0x00000000835fffd0, 0x0000000083500000| Untracked 
|   4|0x0000000083600000, 0x00000000836fff98, 0x0000000083700000| 99%| O|  |TAMS 0x00000000836fff98, 0x0000000083600000| Untracked 
|   5|0x0000000083700000, 0x00000000837fffe0, 0x0000000083800000| 99%| O|  |TAMS 0x00000000837fffe0, 0x0000000083700000| Untracked 
|   6|0x0000000083800000, 0x00000000838ffff0, 0x0000000083900000| 99%| O|  |TAMS 0x00000000838ffff0, 0x0000000083800000| Untracked 
|   7|0x0000000083900000, 0x00000000839fffb8, 0x0000000083a00000| 99%| O|  |TAMS 0x00000000839fffb8, 0x0000000083900000| Untracked 
|   8|0x0000000083a00000, 0x0000000083afffe8, 0x0000000083b00000| 99%| O|  |TAMS 0x0000000083afffe8, 0x0000000083a00000| Untracked 
|   9|0x0000000083b00000, 0x0000000083c00000, 0x0000000083c00000|100%| O|  |TAMS 0x0000000083c00000, 0x0000000083b00000| Untracked 
|  10|0x0000000083c00000, 0x0000000083cfffd8, 0x0000000083d00000| 99%| O|  |TAMS 0x0000000083cfffd8, 0x0000000083c00000| Untracked 
|  11|0x0000000083d00000, 0x0000000083dfffe8, 0x0000000083e00000| 99%| O|  |TAMS 0x0000000083dfffe8, 0x0000000083d00000| Untracked 
|  12|0x0000000083e00000, 0x0000000083efd950, 0x0000000083f00000| 99%| O|  |TAMS 0x0000000083efd950, 0x0000000083e00000| Untracked 
|  13|0x0000000083f00000, 0x0000000083ffff80, 0x0000000084000000| 99%| O|  |TAMS 0x0000000083ffff80, 0x0000000083f00000| Untracked 
|  14|0x0000000084000000, 0x00000000840fffd0, 0x0000000084100000| 99%| O|  |TAMS 0x00000000840fffd0, 0x0000000084000000| Untracked 
|  15|0x0000000084100000, 0x00000000841ffff0, 0x0000000084200000| 99%| O|  |TAMS 0x00000000841ffff0, 0x0000000084100000| Untracked 
|  16|0x0000000084200000, 0x00000000842fffe8, 0x0000000084300000| 99%| O|  |TAMS 0x00000000842fffe8, 0x0000000084200000| Untracked 
|  17|0x0000000084300000, 0x0000000084400000, 0x0000000084400000|100%| O|  |TAMS 0x0000000084400000, 0x0000000084300000| Untracked 
|  18|0x0000000084400000, 0x00000000844ffff8, 0x0000000084500000| 99%| O|  |TAMS 0x00000000844ffff8, 0x0000000084400000| Untracked 
|  19|0x0000000084500000, 0x00000000845ffff0, 0x0000000084600000| 99%| O|  |TAMS 0x00000000845ffff0, 0x0000000084500000| Untracked 
|  20|0x0000000084600000, 0x00000000846ffff0, 0x0000000084700000| 99%| O|  |TAMS 0x00000000846ffff0, 0x0000000084600000| Untracked 
|  21|0x0000000084700000, 0x00000000847fffd0, 0x0000000084800000| 99%| O|  |TAMS 0x00000000847fffd0, 0x0000000084700000| Untracked 
|  22|0x0000000084800000, 0x0000000084900000, 0x0000000084900000|100%| O|  |TAMS 0x0000000084900000, 0x0000000084800000| Untracked 
|  23|0x0000000084900000, 0x0000000084a00000, 0x0000000084a00000|100%| O|  |TAMS 0x0000000084a00000, 0x0000000084900000| Untracked 
|  24|0x0000000084a00000, 0x0000000084affff0, 0x0000000084b00000| 99%| O|  |TAMS 0x0000000084affff0, 0x0000000084a00000| Untracked 
|  25|0x0000000084b00000, 0x0000000084c00000, 0x0000000084c00000|100%| O|  |TAMS 0x0000000084c00000, 0x0000000084b00000| Untracked 
|  26|0x0000000084c00000, 0x0000000084cffff8, 0x0000000084d00000| 99%| O|  |TAMS 0x0000000084cffff8, 0x0000000084c00000| Untracked 
|  27|0x0000000084d00000, 0x0000000084dffff0, 0x0000000084e00000| 99%| O|  |TAMS 0x0000000084dffff0, 0x0000000084d00000| Untracked 
|  28|0x0000000084e00000, 0x0000000084efffd0, 0x0000000084f00000| 99%| O|  |TAMS 0x0000000084efffd0, 0x0000000084e00000| Untracked 
|  29|0x0000000084f00000, 0x0000000084ffffc0, 0x0000000085000000| 99%| O|  |TAMS 0x0000000084ffffc0, 0x0000000084f00000| Untracked 
|  30|0x0000000085000000, 0x00000000850ffff0, 0x0000000085100000| 99%| O|  |TAMS 0x00000000850ffff0, 0x0000000085000000| Untracked 
|  31|0x0000000085100000, 0x0000000085200000, 0x0000000085200000|100%| O|  |TAMS 0x0000000085200000, 0x0000000085100000| Untracked 
|  32|0x0000000085200000, 0x00000000852ffff8, 0x0000000085300000| 99%| O|  |TAMS 0x00000000852ffff8, 0x0000000085200000| Untracked 
|  33|0x0000000085300000, 0x00000000853fffc8, 0x0000000085400000| 99%| O|  |TAMS 0x00000000853fffc8, 0x0000000085300000| Untracked 
|  34|0x0000000085400000, 0x00000000854fff78, 0x0000000085500000| 99%| O|  |TAMS 0x00000000854fff78, 0x0000000085400000| Untracked 
|  35|0x0000000085500000, 0x00000000855fffe0, 0x0000000085600000| 99%| O|  |TAMS 0x00000000855fffe0, 0x0000000085500000| Untracked 
|  36|0x0000000085600000, 0x00000000856ffff0, 0x0000000085700000| 99%| O|  |TAMS 0x00000000856ffff0, 0x0000000085600000| Untracked 
|  37|0x0000000085700000, 0x00000000857ffff0, 0x0000000085800000| 99%| O|  |TAMS 0x00000000857ffff0, 0x0000000085700000| Untracked 
|  38|0x0000000085800000, 0x0000000085900000, 0x0000000085900000|100%| O|  |TAMS 0x0000000085900000, 0x0000000085800000| Untracked 
|  39|0x0000000085900000, 0x00000000859fffe0, 0x0000000085a00000| 99%| O|  |TAMS 0x00000000859fffe0, 0x0000000085900000| Untracked 
|  40|0x0000000085a00000, 0x0000000085affff8, 0x0000000085b00000| 99%| O|  |TAMS 0x0000000085affff8, 0x0000000085a00000| Untracked 
|  41|0x0000000085b00000, 0x0000000085c00000, 0x0000000085c00000|100%| O|  |TAMS 0x0000000085c00000, 0x0000000085b00000| Untracked 
|  42|0x0000000085c00000, 0x0000000085cfffd0, 0x0000000085d00000| 99%| O|  |TAMS 0x0000000085cfffd0, 0x0000000085c00000| Untracked 
|  43|0x0000000085d00000, 0x0000000085dffff8, 0x0000000085e00000| 99%| O|  |TAMS 0x0000000085dffff8, 0x0000000085d00000| Untracked 
|  44|0x0000000085e00000, 0x0000000085effff8, 0x0000000085f00000| 99%| O|  |TAMS 0x0000000085effff8, 0x0000000085e00000| Untracked 
|  45|0x0000000085f00000, 0x0000000086000000, 0x0000000086000000|100%| O|  |TAMS 0x0000000086000000, 0x0000000085f00000| Untracked 
|  46|0x0000000086000000, 0x0000000086100000, 0x0000000086100000|100%| O|  |TAMS 0x0000000086100000, 0x0000000086000000| Untracked 
|  47|0x0000000086100000, 0x00000000861ffff8, 0x0000000086200000| 99%| O|  |TAMS 0x00000000861ffff8, 0x0000000086100000| Untracked 
|  48|0x0000000086200000, 0x00000000862ffff0, 0x0000000086300000| 99%| O|  |TAMS 0x00000000862ffff0, 0x0000000086200000| Untracked 
|  49|0x0000000086300000, 0x00000000863fffd0, 0x0000000086400000| 99%| O|  |TAMS 0x00000000863fffd0, 0x0000000086300000| Untracked 
|  50|0x0000000086400000, 0x00000000864ffff0, 0x0000000086500000| 99%| O|  |TAMS 0x00000000864ffff0, 0x0000000086400000| Untracked 
|  51|0x0000000086500000, 0x00000000865ff8b8, 0x0000000086600000| 99%| O|  |TAMS 0x00000000865ff8b8, 0x0000000086500000| Untracked 
|  52|0x0000000086600000, 0x00000000866ffff8, 0x0000000086700000| 99%| O|  |TAMS 0x00000000866ffff8, 0x0000000086600000| Untracked 
|  53|0x0000000086700000, 0x00000000867ffff0, 0x0000000086800000| 99%| O|  |TAMS 0x00000000867ffff0, 0x0000000086700000| Untracked 
|  54|0x0000000086800000, 0x0000000086900000, 0x0000000086900000|100%| O|  |TAMS 0x0000000086900000, 0x0000000086800000| Untracked 
|  55|0x0000000086900000, 0x00000000869f6ce8, 0x0000000086a00000| 96%| O|  |TAMS 0x00000000869f6ce8, 0x0000000086900000| Untracked 
|  56|0x0000000086a00000, 0x0000000086afffb8, 0x0000000086b00000| 99%| O|  |TAMS 0x0000000086afffb8, 0x0000000086a00000| Untracked 
|  57|0x0000000086b00000, 0x0000000086bffff0, 0x0000000086c00000| 99%| O|  |TAMS 0x0000000086bffff0, 0x0000000086b00000| Untracked 
|  58|0x0000000086c00000, 0x0000000086cf7260, 0x0000000086d00000| 96%| O|  |TAMS 0x0000000086cf7260, 0x0000000086c00000| Untracked 
|  59|0x0000000086d00000, 0x0000000086dfffe8, 0x0000000086e00000| 99%| O|  |TAMS 0x0000000086dfffe8, 0x0000000086d00000| Untracked 
|  60|0x0000000086e00000, 0x0000000086ed1690, 0x0000000086f00000| 81%| O|  |TAMS 0x0000000086e00000, 0x0000000086e00000| Untracked 
|  61|0x0000000086f00000, 0x0000000086ffffc0, 0x0000000087000000| 99%| O|  |TAMS 0x0000000086ffffc0, 0x0000000086f00000| Untracked 
|  62|0x0000000087000000, 0x00000000870ffff0, 0x0000000087100000| 99%| O|  |TAMS 0x0000000087000000, 0x0000000087000000| Untracked 
|  63|0x0000000087100000, 0x00000000871fffe0, 0x0000000087200000| 99%| O|  |TAMS 0x0000000087100000, 0x0000000087100000| Untracked 
|  64|0x0000000087200000, 0x00000000872fffe0, 0x0000000087300000| 99%| O|  |TAMS 0x0000000087200000, 0x0000000087200000| Untracked 
|  65|0x0000000087300000, 0x00000000873ffff8, 0x0000000087400000| 99%| O|  |TAMS 0x0000000087300000, 0x0000000087300000| Untracked 
|  66|0x0000000087400000, 0x0000000087500000, 0x0000000087500000|100%| O|  |TAMS 0x0000000087400000, 0x0000000087400000| Untracked 
|  67|0x0000000087500000, 0x00000000875ffff8, 0x0000000087600000| 99%| O|  |TAMS 0x0000000087500000, 0x0000000087500000| Untracked 
|  68|0x0000000087600000, 0x00000000876ffff8, 0x0000000087700000| 99%| O|  |TAMS 0x0000000087600000, 0x0000000087600000| Untracked 
|  69|0x0000000087700000, 0x00000000877307b0, 0x0000000087800000| 18%| O|  |TAMS 0x0000000087700000, 0x0000000087700000| Untracked 
|  70|0x0000000087800000, 0x00000000878523e0, 0x0000000087900000| 32%| O|  |TAMS 0x0000000087800000, 0x0000000087800000| Untracked 
|  71|0x0000000087900000, 0x0000000087a00000, 0x0000000087a00000|100%| O|  |TAMS 0x0000000087900000, 0x0000000087900000| Untracked 
|  72|0x0000000087a00000, 0x0000000087b00000, 0x0000000087b00000|100%| O|  |TAMS 0x0000000087a00000, 0x0000000087a00000| Untracked 
|  73|0x0000000087b00000, 0x0000000087c00000, 0x0000000087c00000|100%| O|  |TAMS 0x0000000087b00000, 0x0000000087b00000| Untracked 
|  74|0x0000000087c00000, 0x0000000087d00000, 0x0000000087d00000|100%| O|  |TAMS 0x0000000087d00000, 0x0000000087c00000| Untracked 
|  75|0x0000000087d00000, 0x0000000087e00000, 0x0000000087e00000|100%| O|  |TAMS 0x0000000087d00000, 0x0000000087d00000| Untracked 
|  76|0x0000000087e00000, 0x0000000087ef8a00, 0x0000000087f00000| 97%| O|  |TAMS 0x0000000087e00000, 0x0000000087e00000| Untracked 
|  77|0x0000000087f00000, 0x0000000087f00000, 0x0000000088000000|  0%| F|  |TAMS 0x0000000087f00000, 0x0000000087f00000| Untracked 
|  78|0x0000000088000000, 0x0000000088000000, 0x0000000088100000|  0%| F|  |TAMS 0x0000000088000000, 0x0000000088000000| Untracked 
|  79|0x0000000088100000, 0x0000000088112300, 0x0000000088200000|  7%| O|  |TAMS 0x0000000088100000, 0x0000000088100000| Untracked 
|  80|0x0000000088200000, 0x0000000088200000, 0x0000000088300000|  0%| F|  |TAMS 0x0000000088200000, 0x0000000088200000| Untracked 
|  81|0x0000000088300000, 0x0000000088300000, 0x0000000088400000|  0%| F|  |TAMS 0x0000000088300000, 0x0000000088300000| Untracked 
|  82|0x0000000088400000, 0x0000000088400000, 0x0000000088500000|  0%| F|  |TAMS 0x0000000088400000, 0x0000000088400000| Untracked 
|  83|0x0000000088500000, 0x0000000088500000, 0x0000000088600000|  0%| F|  |TAMS 0x0000000088500000, 0x0000000088500000| Untracked 
|  84|0x0000000088600000, 0x0000000088600000, 0x0000000088700000|  0%| F|  |TAMS 0x0000000088600000, 0x0000000088600000| Untracked 
|  85|0x0000000088700000, 0x0000000088700000, 0x0000000088800000|  0%| F|  |TAMS 0x0000000088700000, 0x0000000088700000| Untracked 
|  86|0x0000000088800000, 0x0000000088800000, 0x0000000088900000|  0%| F|  |TAMS 0x0000000088800000, 0x0000000088800000| Untracked 
|  87|0x0000000088900000, 0x0000000088940148, 0x0000000088a00000| 25%| O|  |TAMS 0x0000000088900000, 0x0000000088900000| Untracked 
|  88|0x0000000088a00000, 0x0000000088a00000, 0x0000000088b00000|  0%| F|  |TAMS 0x0000000088a00000, 0x0000000088a00000| Untracked 
|  89|0x0000000088b00000, 0x0000000088b00000, 0x0000000088c00000|  0%| F|  |TAMS 0x0000000088b00000, 0x0000000088b00000| Untracked 
|  90|0x0000000088c00000, 0x0000000088c00000, 0x0000000088d00000|  0%| F|  |TAMS 0x0000000088c00000, 0x0000000088c00000| Untracked 
|  91|0x0000000088d00000, 0x0000000088d00000, 0x0000000088e00000|  0%| F|  |TAMS 0x0000000088d00000, 0x0000000088d00000| Untracked 
|  92|0x0000000088e00000, 0x0000000088e00000, 0x0000000088f00000|  0%| F|  |TAMS 0x0000000088e00000, 0x0000000088e00000| Untracked 
|  93|0x0000000088f00000, 0x0000000088f00000, 0x0000000089000000|  0%| F|  |TAMS 0x0000000088f00000, 0x0000000088f00000| Untracked 
|  94|0x0000000089000000, 0x0000000089000000, 0x0000000089100000|  0%| F|  |TAMS 0x0000000089000000, 0x0000000089000000| Untracked 
|  95|0x0000000089100000, 0x0000000089100000, 0x0000000089200000|  0%| F|  |TAMS 0x0000000089100000, 0x0000000089100000| Untracked 
|  96|0x0000000089200000, 0x0000000089200000, 0x0000000089300000|  0%| F|  |TAMS 0x0000000089200000, 0x0000000089200000| Untracked 
|  97|0x0000000089300000, 0x0000000089300000, 0x0000000089400000|  0%| F|  |TAMS 0x0000000089300000, 0x0000000089300000| Untracked 
|  98|0x0000000089400000, 0x0000000089400000, 0x0000000089500000|  0%| F|  |TAMS 0x0000000089400000, 0x0000000089400000| Untracked 
|  99|0x0000000089500000, 0x0000000089500000, 0x0000000089600000|  0%| F|  |TAMS 0x0000000089500000, 0x0000000089500000| Untracked 
| 100|0x0000000089600000, 0x0000000089600000, 0x0000000089700000|  0%| F|  |TAMS 0x0000000089600000, 0x0000000089600000| Untracked 
| 101|0x0000000089700000, 0x0000000089700000, 0x0000000089800000|  0%| F|  |TAMS 0x0000000089700000, 0x0000000089700000| Untracked 
| 102|0x0000000089800000, 0x0000000089800000, 0x0000000089900000|  0%| F|  |TAMS 0x0000000089800000, 0x0000000089800000| Untracked 
| 103|0x0000000089900000, 0x0000000089900000, 0x0000000089a00000|  0%| F|  |TAMS 0x0000000089900000, 0x0000000089900000| Untracked 
| 104|0x0000000089a00000, 0x0000000089a00000, 0x0000000089b00000|  0%| F|  |TAMS 0x0000000089a00000, 0x0000000089a00000| Untracked 
| 105|0x0000000089b00000, 0x0000000089b00000, 0x0000000089c00000|  0%| F|  |TAMS 0x0000000089b00000, 0x0000000089b00000| Untracked 
| 106|0x0000000089c00000, 0x0000000089c00000, 0x0000000089d00000|  0%| F|  |TAMS 0x0000000089c00000, 0x0000000089c00000| Untracked 
| 107|0x0000000089d00000, 0x0000000089d00000, 0x0000000089e00000|  0%| F|  |TAMS 0x0000000089d00000, 0x0000000089d00000| Untracked 
| 108|0x0000000089e00000, 0x0000000089e00000, 0x0000000089f00000|  0%| F|  |TAMS 0x0000000089e00000, 0x0000000089e00000| Untracked 
| 109|0x0000000089f00000, 0x0000000089f00000, 0x000000008a000000|  0%| F|  |TAMS 0x0000000089f00000, 0x0000000089f00000| Untracked 
| 110|0x000000008a000000, 0x000000008a000000, 0x000000008a100000|  0%| F|  |TAMS 0x000000008a000000, 0x000000008a000000| Untracked 
| 111|0x000000008a100000, 0x000000008a19fe58, 0x000000008a200000| 62%| S|CS|TAMS 0x000000008a100000, 0x000000008a100000| Complete 
| 112|0x000000008a200000, 0x000000008a300000, 0x000000008a300000|100%| S|CS|TAMS 0x000000008a200000, 0x000000008a200000| Complete 
| 113|0x000000008a300000, 0x000000008a400000, 0x000000008a400000|100%| S|CS|TAMS 0x000000008a300000, 0x000000008a300000| Complete 
| 114|0x000000008a400000, 0x000000008a500000, 0x000000008a500000|100%| S|CS|TAMS 0x000000008a400000, 0x000000008a400000| Complete 
| 115|0x000000008a500000, 0x000000008a600000, 0x000000008a600000|100%| S|CS|TAMS 0x000000008a500000, 0x000000008a500000| Complete 
| 116|0x000000008a600000, 0x000000008a700000, 0x000000008a700000|100%| S|CS|TAMS 0x000000008a600000, 0x000000008a600000| Complete 
| 117|0x000000008a700000, 0x000000008a700000, 0x000000008a800000|  0%| F|  |TAMS 0x000000008a700000, 0x000000008a700000| Untracked 
| 118|0x000000008a800000, 0x000000008a800000, 0x000000008a900000|  0%| F|  |TAMS 0x000000008a800000, 0x000000008a800000| Untracked 
| 119|0x000000008a900000, 0x000000008a900000, 0x000000008aa00000|  0%| F|  |TAMS 0x000000008a900000, 0x000000008a900000| Untracked 
| 120|0x000000008aa00000, 0x000000008aa00000, 0x000000008ab00000|  0%| F|  |TAMS 0x000000008aa00000, 0x000000008aa00000| Untracked 
| 121|0x000000008ab00000, 0x000000008ab00000, 0x000000008ac00000|  0%| F|  |TAMS 0x000000008ab00000, 0x000000008ab00000| Untracked 
| 122|0x000000008ac00000, 0x000000008ac00000, 0x000000008ad00000|  0%| F|  |TAMS 0x000000008ac00000, 0x000000008ac00000| Untracked 
| 123|0x000000008ad00000, 0x000000008ad00000, 0x000000008ae00000|  0%| F|  |TAMS 0x000000008ad00000, 0x000000008ad00000| Untracked 
| 124|0x000000008ae00000, 0x000000008ae00000, 0x000000008af00000|  0%| F|  |TAMS 0x000000008ae00000, 0x000000008ae00000| Untracked 
| 125|0x000000008af00000, 0x000000008af00000, 0x000000008b000000|  0%| F|  |TAMS 0x000000008af00000, 0x000000008af00000| Untracked 
| 126|0x000000008b000000, 0x000000008b000000, 0x000000008b100000|  0%| F|  |TAMS 0x000000008b000000, 0x000000008b000000| Untracked 
| 127|0x000000008b100000, 0x000000008b100000, 0x000000008b200000|  0%| F|  |TAMS 0x000000008b100000, 0x000000008b100000| Untracked 
| 128|0x000000008b200000, 0x000000008b200000, 0x000000008b300000|  0%| F|  |TAMS 0x000000008b200000, 0x000000008b200000| Untracked 
| 129|0x000000008b300000, 0x000000008b300000, 0x000000008b400000|  0%| F|  |TAMS 0x000000008b300000, 0x000000008b300000| Untracked 
| 130|0x000000008b400000, 0x000000008b400000, 0x000000008b500000|  0%| F|  |TAMS 0x000000008b400000, 0x000000008b400000| Untracked 
| 131|0x000000008b500000, 0x000000008b500000, 0x000000008b600000|  0%| F|  |TAMS 0x000000008b500000, 0x000000008b500000| Untracked 
| 132|0x000000008b600000, 0x000000008b600000, 0x000000008b700000|  0%| F|  |TAMS 0x000000008b600000, 0x000000008b600000| Untracked 
| 133|0x000000008b700000, 0x000000008b700000, 0x000000008b800000|  0%| F|  |TAMS 0x000000008b700000, 0x000000008b700000| Untracked 
| 134|0x000000008b800000, 0x000000008b800000, 0x000000008b900000|  0%| F|  |TAMS 0x000000008b800000, 0x000000008b800000| Untracked 
| 135|0x000000008b900000, 0x000000008b900000, 0x000000008ba00000|  0%| F|  |TAMS 0x000000008b900000, 0x000000008b900000| Untracked 
| 136|0x000000008ba00000, 0x000000008ba4fb20, 0x000000008bb00000| 31%| E|  |TAMS 0x000000008ba00000, 0x000000008ba00000| Complete 
| 137|0x000000008bb00000, 0x000000008bc00000, 0x000000008bc00000|100%| E|CS|TAMS 0x000000008bb00000, 0x000000008bb00000| Complete 
| 138|0x000000008bc00000, 0x000000008bd00000, 0x000000008bd00000|100%| E|CS|TAMS 0x000000008bc00000, 0x000000008bc00000| Complete 
| 139|0x000000008bd00000, 0x000000008be00000, 0x000000008be00000|100%| E|CS|TAMS 0x000000008bd00000, 0x000000008bd00000| Complete 
| 140|0x000000008be00000, 0x000000008bf00000, 0x000000008bf00000|100%| E|CS|TAMS 0x000000008be00000, 0x000000008be00000| Complete 
| 141|0x000000008bf00000, 0x000000008c000000, 0x000000008c000000|100%| E|CS|TAMS 0x000000008bf00000, 0x000000008bf00000| Complete 
| 142|0x000000008c000000, 0x000000008c100000, 0x000000008c100000|100%| E|  |TAMS 0x000000008c000000, 0x000000008c000000| Complete 
| 143|0x000000008c100000, 0x000000008c200000, 0x000000008c200000|100%| E|CS|TAMS 0x000000008c100000, 0x000000008c100000| Complete 
| 144|0x000000008c200000, 0x000000008c300000, 0x000000008c300000|100%| E|CS|TAMS 0x000000008c200000, 0x000000008c200000| Complete 
| 145|0x000000008c300000, 0x000000008c400000, 0x000000008c400000|100%| E|CS|TAMS 0x000000008c300000, 0x000000008c300000| Complete 
| 146|0x000000008c400000, 0x000000008c500000, 0x000000008c500000|100%| E|CS|TAMS 0x000000008c400000, 0x000000008c400000| Complete 
| 147|0x000000008c500000, 0x000000008c600000, 0x000000008c600000|100%| E|CS|TAMS 0x000000008c500000, 0x000000008c500000| Complete 
| 148|0x000000008c600000, 0x000000008c700000, 0x000000008c700000|100%| E|CS|TAMS 0x000000008c600000, 0x000000008c600000| Complete 
| 149|0x000000008c700000, 0x000000008c800000, 0x000000008c800000|100%| E|CS|TAMS 0x000000008c700000, 0x000000008c700000| Complete 
| 150|0x000000008c800000, 0x000000008c900000, 0x000000008c900000|100%| E|CS|TAMS 0x000000008c800000, 0x000000008c800000| Complete 
| 151|0x000000008c900000, 0x000000008ca00000, 0x000000008ca00000|100%| E|CS|TAMS 0x000000008c900000, 0x000000008c900000| Complete 
| 152|0x000000008ca00000, 0x000000008cb00000, 0x000000008cb00000|100%| E|CS|TAMS 0x000000008ca00000, 0x000000008ca00000| Complete 
| 153|0x000000008cb00000, 0x000000008cc00000, 0x000000008cc00000|100%| E|CS|TAMS 0x000000008cb00000, 0x000000008cb00000| Complete 
| 154|0x000000008cc00000, 0x000000008cd00000, 0x000000008cd00000|100%| E|CS|TAMS 0x000000008cc00000, 0x000000008cc00000| Complete 
| 155|0x000000008cd00000, 0x000000008ce00000, 0x000000008ce00000|100%| E|CS|TAMS 0x000000008cd00000, 0x000000008cd00000| Complete 
| 156|0x000000008ce00000, 0x000000008cf00000, 0x000000008cf00000|100%| E|CS|TAMS 0x000000008ce00000, 0x000000008ce00000| Complete 
| 157|0x000000008cf00000, 0x000000008d000000, 0x000000008d000000|100%| E|CS|TAMS 0x000000008cf00000, 0x000000008cf00000| Complete 
| 158|0x000000008d000000, 0x000000008d100000, 0x000000008d100000|100%| E|CS|TAMS 0x000000008d000000, 0x000000008d000000| Complete 
| 159|0x000000008d100000, 0x000000008d200000, 0x000000008d200000|100%| E|CS|TAMS 0x000000008d100000, 0x000000008d100000| Complete 
| 160|0x000000008d200000, 0x000000008d300000, 0x000000008d300000|100%| E|CS|TAMS 0x000000008d200000, 0x000000008d200000| Complete 
| 161|0x000000008d300000, 0x000000008d400000, 0x000000008d400000|100%| E|CS|TAMS 0x000000008d300000, 0x000000008d300000| Complete 
| 162|0x000000008d400000, 0x000000008d500000, 0x000000008d500000|100%| E|CS|TAMS 0x000000008d400000, 0x000000008d400000| Complete 
| 163|0x000000008d500000, 0x000000008d600000, 0x000000008d600000|100%| E|CS|TAMS 0x000000008d500000, 0x000000008d500000| Complete 
| 164|0x000000008d600000, 0x000000008d700000, 0x000000008d700000|100%| E|CS|TAMS 0x000000008d600000, 0x000000008d600000| Complete 
| 165|0x000000008d700000, 0x000000008d800000, 0x000000008d800000|100%| E|CS|TAMS 0x000000008d700000, 0x000000008d700000| Complete 
| 166|0x000000008d800000, 0x000000008d900000, 0x000000008d900000|100%| E|CS|TAMS 0x000000008d800000, 0x000000008d800000| Complete 
| 167|0x000000008d900000, 0x000000008da00000, 0x000000008da00000|100%| E|CS|TAMS 0x000000008d900000, 0x000000008d900000| Complete 
| 168|0x000000008da00000, 0x000000008db00000, 0x000000008db00000|100%| E|CS|TAMS 0x000000008da00000, 0x000000008da00000| Complete 
| 169|0x000000008db00000, 0x000000008dc00000, 0x000000008dc00000|100%| E|CS|TAMS 0x000000008db00000, 0x000000008db00000| Complete 
| 170|0x000000008dc00000, 0x000000008dd00000, 0x000000008dd00000|100%| E|CS|TAMS 0x000000008dc00000, 0x000000008dc00000| Complete 
| 171|0x000000008dd00000, 0x000000008de00000, 0x000000008de00000|100%| E|CS|TAMS 0x000000008dd00000, 0x000000008dd00000| Complete 
| 172|0x000000008de00000, 0x000000008df00000, 0x000000008df00000|100%| E|CS|TAMS 0x000000008de00000, 0x000000008de00000| Complete 
| 173|0x000000008df00000, 0x000000008e000000, 0x000000008e000000|100%| E|CS|TAMS 0x000000008df00000, 0x000000008df00000| Complete 
| 174|0x000000008e000000, 0x000000008e100000, 0x000000008e100000|100%| E|CS|TAMS 0x000000008e000000, 0x000000008e000000| Complete 
| 175|0x000000008e100000, 0x000000008e200000, 0x000000008e200000|100%| E|CS|TAMS 0x000000008e100000, 0x000000008e100000| Complete 
| 176|0x000000008e200000, 0x000000008e300000, 0x000000008e300000|100%| E|CS|TAMS 0x000000008e200000, 0x000000008e200000| Complete 
| 177|0x000000008e300000, 0x000000008e400000, 0x000000008e400000|100%| E|CS|TAMS 0x000000008e300000, 0x000000008e300000| Complete 
| 178|0x000000008e400000, 0x000000008e500000, 0x000000008e500000|100%| E|CS|TAMS 0x000000008e400000, 0x000000008e400000| Complete 
| 179|0x000000008e500000, 0x000000008e600000, 0x000000008e600000|100%| E|CS|TAMS 0x000000008e500000, 0x000000008e500000| Complete 
| 180|0x000000008e600000, 0x000000008e700000, 0x000000008e700000|100%| E|CS|TAMS 0x000000008e600000, 0x000000008e600000| Complete 
| 181|0x000000008e700000, 0x000000008e800000, 0x000000008e800000|100%| E|CS|TAMS 0x000000008e700000, 0x000000008e700000| Complete 
| 182|0x000000008e800000, 0x000000008e900000, 0x000000008e900000|100%| E|CS|TAMS 0x000000008e800000, 0x000000008e800000| Complete 
| 183|0x000000008e900000, 0x000000008ea00000, 0x000000008ea00000|100%| E|CS|TAMS 0x000000008e900000, 0x000000008e900000| Complete 
| 184|0x000000008ea00000, 0x000000008eb00000, 0x000000008eb00000|100%| E|CS|TAMS 0x000000008ea00000, 0x000000008ea00000| Complete 
| 185|0x000000008eb00000, 0x000000008ec00000, 0x000000008ec00000|100%| E|CS|TAMS 0x000000008eb00000, 0x000000008eb00000| Complete 
| 186|0x000000008ec00000, 0x000000008ed00000, 0x000000008ed00000|100%| E|CS|TAMS 0x000000008ec00000, 0x000000008ec00000| Complete 
| 187|0x000000008ed00000, 0x000000008ee00000, 0x000000008ee00000|100%| E|CS|TAMS 0x000000008ed00000, 0x000000008ed00000| Complete 
| 188|0x000000008ee00000, 0x000000008ef00000, 0x000000008ef00000|100%| E|CS|TAMS 0x000000008ee00000, 0x000000008ee00000| Complete 
| 189|0x000000008ef00000, 0x000000008f000000, 0x000000008f000000|100%| E|CS|TAMS 0x000000008ef00000, 0x000000008ef00000| Complete 
| 190|0x000000008f000000, 0x000000008f100000, 0x000000008f100000|100%| E|CS|TAMS 0x000000008f000000, 0x000000008f000000| Complete 
| 191|0x000000008f100000, 0x000000008f200000, 0x000000008f200000|100%| E|CS|TAMS 0x000000008f100000, 0x000000008f100000| Complete 
| 192|0x000000008f200000, 0x000000008f300000, 0x000000008f300000|100%| E|CS|TAMS 0x000000008f200000, 0x000000008f200000| Complete 
| 193|0x000000008f300000, 0x000000008f400000, 0x000000008f400000|100%| E|CS|TAMS 0x000000008f300000, 0x000000008f300000| Complete 
| 194|0x000000008f400000, 0x000000008f500000, 0x000000008f500000|100%| E|CS|TAMS 0x000000008f400000, 0x000000008f400000| Complete 
| 195|0x000000008f500000, 0x000000008f600000, 0x000000008f600000|100%| E|CS|TAMS 0x000000008f500000, 0x000000008f500000| Complete 
| 196|0x000000008f600000, 0x000000008f700000, 0x000000008f700000|100%| E|CS|TAMS 0x000000008f600000, 0x000000008f600000| Complete 
| 197|0x000000008f700000, 0x000000008f800000, 0x000000008f800000|100%| E|CS|TAMS 0x000000008f700000, 0x000000008f700000| Complete 
| 198|0x000000008f800000, 0x000000008f900000, 0x000000008f900000|100%| E|CS|TAMS 0x000000008f800000, 0x000000008f800000| Complete 
| 199|0x000000008f900000, 0x000000008fa00000, 0x000000008fa00000|100%| E|CS|TAMS 0x000000008f900000, 0x000000008f900000| Complete 
| 200|0x000000008fa00000, 0x000000008fb00000, 0x000000008fb00000|100%| E|CS|TAMS 0x000000008fa00000, 0x000000008fa00000| Complete 
| 201|0x000000008fb00000, 0x000000008fc00000, 0x000000008fc00000|100%| E|CS|TAMS 0x000000008fb00000, 0x000000008fb00000| Complete 
| 202|0x000000008fc00000, 0x000000008fd00000, 0x000000008fd00000|100%| E|CS|TAMS 0x000000008fc00000, 0x000000008fc00000| Complete 
| 203|0x000000008fd00000, 0x000000008fe00000, 0x000000008fe00000|100%| E|CS|TAMS 0x000000008fd00000, 0x000000008fd00000| Complete 
| 204|0x000000008fe00000, 0x000000008ff00000, 0x000000008ff00000|100%| E|CS|TAMS 0x000000008fe00000, 0x000000008fe00000| Complete 
| 205|0x000000008ff00000, 0x0000000090000000, 0x0000000090000000|100%| E|CS|TAMS 0x000000008ff00000, 0x000000008ff00000| Complete 
| 425|0x000000009db00000, 0x000000009dc00000, 0x000000009dc00000|100%| E|CS|TAMS 0x000000009db00000, 0x000000009db00000| Complete 

Card table byte_map: [0x00000221f8ab0000,0x00000221f8ea0000] _byte_map_base: 0x00000221f8697000

Marking Bits (Prev, Next): (CMBitMap*) 0x00000221f00e9070, (CMBitMap*) 0x00000221f00e90b0
 Prev Bits: [0x00000221f9290000, 0x00000221fb1c8000)
 Next Bits: [0x00000221fb1d0000, 0x00000221fd108000)

Polling page: 0x00000221ee780000

Metaspace:

Usage:
  Non-class:     82.68 MB used.
      Class:     11.53 MB used.
       Both:     94.21 MB used.

Virtual space:
  Non-class space:      128.00 MB reserved,      83.12 MB ( 65%) committed,  2 nodes.
      Class space:        1.00 GB reserved,      12.12 MB (  1%) committed,  1 nodes.
             Both:        1.12 GB reserved,      95.25 MB (  8%) committed. 

Chunk freelists:
   Non-Class:  12.16 MB
       Class:  4.03 MB
        Both:  16.19 MB

MaxMetaspaceSize: unlimited
CompressedClassSpaceSize: 1.00 GB
Initial GC threshold: 21.00 MB
Current GC threshold: 164.38 MB
CDS: on
MetaspaceReclaimPolicy: balanced
 - commit_granule_bytes: 65536.
 - commit_granule_words: 8192.
 - virtual_space_node_default_size: 8388608.
 - enlarge_chunks_in_place: 1.
 - new_chunks_are_fully_committed: 0.
 - uncommit_free_chunks: 1.
 - use_allocation_guard: 0.
 - handle_deallocations: 1.


Internal statistics:

num_allocs_failed_limit: 6.
num_arena_births: 2396.
num_arena_deaths: 1350.
num_vsnodes_births: 3.
num_vsnodes_deaths: 0.
num_space_committed: 1616.
num_space_uncommitted: 92.
num_chunks_returned_to_freelist: 2938.
num_chunks_taken_from_freelist: 8108.
num_chunk_merges: 734.
num_chunk_splits: 4083.
num_chunks_enlarged: 2475.
num_inconsistent_stats: 0.

CodeHeap 'non-profiled nmethods': size=120000Kb used=17050Kb max_used=17050Kb free=102949Kb
 bounds [0x0000022187ad0000, 0x0000022188b80000, 0x000002218f000000]
CodeHeap 'profiled nmethods': size=120000Kb used=28390Kb max_used=28390Kb free=91609Kb
 bounds [0x0000022180000000, 0x0000022181bc0000, 0x0000022187530000]
CodeHeap 'non-nmethods': size=5760Kb used=1395Kb max_used=1499Kb free=4364Kb
 bounds [0x0000022187530000, 0x00000221877a0000, 0x0000022187ad0000]
 total_blobs=15051 nmethods=14324 adapters=638
 compilation: enabled
              stopped_count=0, restarted_count=0
 full_count=0

Compilation events (20 events):
Event: 145713.299 Thread 0x00000221ff525a40 18252       3       org.springframework.boot.context.config.StandardConfigDataLocationResolver::getReferencesForDirectory (67 bytes)
Event: 145713.300 Thread 0x00000221ff525a40 nmethod 18252 0x0000022181bb6c90 code [0x0000022181bb6e80, 0x0000022181bb72c8]
Event: 145713.300 Thread 0x00000221ff525a40 18253       3       org.springframework.boot.env.PropertiesPropertySourceLoader::getFileExtensions (15 bytes)
Event: 145713.301 Thread 0x00000221ff525a40 nmethod 18253 0x0000022181bb7490 code [0x0000022181bb7640, 0x0000022181bb7b18]
Event: 145713.301 Thread 0x00000221ff525a40 18254       3       org.springframework.boot.env.YamlPropertySourceLoader::getFileExtensions (15 bytes)
Event: 145713.301 Thread 0x00000221ff525a40 nmethod 18254 0x0000022181bb7c10 code [0x0000022181bb7dc0, 0x0000022181bb8298]
Event: 145713.302 Thread 0x00000221ff525a40 18251       3       org.springframework.boot.context.config.StandardConfigDataLocationResolver::resolvePattern (90 bytes)
Event: 145713.307 Thread 0x00000221ff525a40 nmethod 18251 0x0000022181bb8390 code [0x0000022181bb8660, 0x0000022181bb9828]
Event: 145713.307 Thread 0x00000221ff525a40 18257       3       ch.qos.logback.core.pattern.parser.FormattingNode::<init> (7 bytes)
Event: 145713.307 Thread 0x00000221ff525a40 nmethod 18257 0x0000022181bb9f90 code [0x0000022181bba140, 0x0000022181bba378]
Event: 145713.307 Thread 0x00000221ff525a40 18258       3       ch.qos.logback.core.pattern.parser.Parser::getNextToken (42 bytes)
Event: 145713.308 Thread 0x00000221ff525a40 nmethod 18258 0x0000022181bba490 code [0x0000022181bba660, 0x0000022181bbaa78]
Event: 145713.308 Thread 0x00000221ff525a40 18259       3       ch.qos.logback.core.pattern.FormattingConverter::setFormattingInfo (23 bytes)
Event: 145713.310 Thread 0x00000221ff525a40 nmethod 18259 0x0000022181bbab90 code [0x0000022181bbad40, 0x0000022181bbafa8]
Event: 145713.310 Thread 0x00000221ff525a40 18260       3       org.apache.commons.logging.LogAdapter$Slf4jLocationAwareLog::info (47 bytes)
Event: 145713.311 Thread 0x00000221ff525a40 nmethod 18260 0x0000022181bbb090 code [0x0000022181bbb2a0, 0x0000022181bbba68]
Event: 145713.311 Thread 0x00000221ff525a40 18249       1       org.springframework.boot.context.config.ConfigDataActivationContext::getProfiles (5 bytes)
Event: 145713.311 Thread 0x00000221ff525a40 nmethod 18249 0x0000022188b76590 code [0x0000022188b76720, 0x0000022188b767f8]
Event: 145713.311 Thread 0x00000221ff525a40 18255       1       org.springframework.boot.context.config.ConfigDataResource::isOptional (5 bytes)
Event: 145713.311 Thread 0x00000221ff525a40 nmethod 18255 0x0000022188b76890 code [0x0000022188b76a20, 0x0000022188b76af8]

GC Heap History (20 events):
Event: 145252.962 GC heap before
{Heap before GC invocations=156 (full 17):
 garbage-first heap   total 441344K, used 277251K [0x0000000083200000, 0x0000000100000000)
  region size 1024K, 213 young (218112K), 5 survivors (5120K)
 Metaspace       used 92873K, committed 95808K, reserved 1179648K
  class space    used 11344K, committed 12416K, reserved 1048576K
}
Event: 145254.318 GC heap after
{Heap after GC invocations=157 (full 18):
 garbage-first heap   total 211968K, used 60335K [0x0000000083200000, 0x0000000100000000)
  region size 1024K, 0 young (0K), 0 survivors (0K)
 Metaspace       used 92823K, committed 95808K, reserved 1179648K
  class space    used 11336K, committed 12416K, reserved 1048576K
}
Event: 145329.623 GC heap before
{Heap before GC invocations=157 (full 18):
 garbage-first heap   total 211968K, used 169903K [0x0000000083200000, 0x0000000100000000)
  region size 1024K, 107 young (109568K), 0 survivors (0K)
 Metaspace       used 93420K, committed 95808K, reserved 1179648K
  class space    used 11442K, committed 12416K, reserved 1048576K
}
Event: 145329.740 GC heap after
{Heap after GC invocations=158 (full 18):
 garbage-first heap   total 211968K, used 62021K [0x0000000083200000, 0x0000000100000000)
  region size 1024K, 2 young (2048K), 2 survivors (2048K)
 Metaspace       used 93420K, committed 95808K, reserved 1179648K
  class space    used 11442K, committed 12416K, reserved 1048576K
}
Event: 145580.497 GC heap before
{Heap before GC invocations=159 (full 18):
 garbage-first heap   total 211968K, used 171589K [0x0000000083200000, 0x0000000100000000)
  region size 1024K, 109 young (111616K), 2 survivors (2048K)
 Metaspace       used 93451K, committed 95808K, reserved 1179648K
  class space    used 11443K, committed 12416K, reserved 1048576K
}
Event: 145580.544 GC heap after
{Heap after GC invocations=160 (full 18):
 garbage-first heap   total 211968K, used 65002K [0x0000000083200000, 0x0000000100000000)
  region size 1024K, 5 young (5120K), 5 survivors (5120K)
 Metaspace       used 93451K, committed 95808K, reserved 1179648K
  class space    used 11443K, committed 12416K, reserved 1048576K
}
Event: 145588.188 GC heap before
{Heap before GC invocations=160 (full 18):
 garbage-first heap   total 211968K, used 172522K [0x0000000083200000, 0x0000000100000000)
  region size 1024K, 110 young (112640K), 5 survivors (5120K)
 Metaspace       used 94168K, committed 95808K, reserved 1179648K
  class space    used 11531K, committed 12416K, reserved 1048576K
}
Event: 145588.218 GC heap after
{Heap after GC invocations=161 (full 18):
 garbage-first heap   total 211968K, used 70765K [0x0000000083200000, 0x0000000100000000)
  region size 1024K, 11 young (11264K), 11 survivors (11264K)
 Metaspace       used 94168K, committed 95808K, reserved 1179648K
  class space    used 11531K, committed 12416K, reserved 1048576K
}
Event: 145627.356 GC heap before
{Heap before GC invocations=161 (full 18):
 garbage-first heap   total 211968K, used 95341K [0x0000000083200000, 0x0000000100000000)
  region size 1024K, 36 young (36864K), 11 survivors (11264K)
 Metaspace       used 94200K, committed 95808K, reserved 1179648K
  class space    used 11534K, committed 12416K, reserved 1048576K
}
Event: 145627.794 GC heap after
{Heap after GC invocations=162 (full 19):
 garbage-first heap   total 211968K, used 65971K [0x0000000083200000, 0x0000000100000000)
  region size 1024K, 0 young (0K), 0 survivors (0K)
 Metaspace       used 94200K, committed 95808K, reserved 1179648K
  class space    used 11534K, committed 12416K, reserved 1048576K
}
Event: 145632.672 GC heap before
{Heap before GC invocations=162 (full 19):
 garbage-first heap   total 211968K, used 170419K [0x0000000083200000, 0x0000000100000000)
  region size 1024K, 103 young (105472K), 0 survivors (0K)
 Metaspace       used 94959K, committed 96192K, reserved 1179648K
  class space    used 11624K, committed 12416K, reserved 1048576K
}
Event: 145632.684 GC heap after
{Heap after GC invocations=163 (full 19):
 garbage-first heap   total 211968K, used 73565K [0x0000000083200000, 0x0000000100000000)
  region size 1024K, 8 young (8192K), 8 survivors (8192K)
 Metaspace       used 94959K, committed 96192K, reserved 1179648K
  class space    used 11624K, committed 12416K, reserved 1048576K
}
Event: 145639.770 GC heap before
{Heap before GC invocations=163 (full 19):
 garbage-first heap   total 211968K, used 170845K [0x0000000083200000, 0x0000000100000000)
  region size 1024K, 103 young (105472K), 8 survivors (8192K)
 Metaspace       used 95479K, committed 96640K, reserved 1179648K
  class space    used 11663K, committed 12416K, reserved 1048576K
}
Event: 145639.907 GC heap after
{Heap after GC invocations=164 (full 19):
 garbage-first heap   total 211968K, used 76881K [0x0000000083200000, 0x0000000100000000)
  region size 1024K, 5 young (5120K), 5 survivors (5120K)
 Metaspace       used 95479K, committed 96640K, reserved 1179648K
  class space    used 11663K, committed 12416K, reserved 1048576K
}
Event: 145650.681 GC heap before
{Heap before GC invocations=164 (full 19):
 garbage-first heap   total 211968K, used 106577K [0x0000000083200000, 0x0000000100000000)
  region size 1024K, 35 young (35840K), 5 survivors (5120K)
 Metaspace       used 95502K, committed 96704K, reserved 1179648K
  class space    used 11664K, committed 12416K, reserved 1048576K
}
Event: 145651.038 GC heap after
{Heap after GC invocations=165 (full 20):
 garbage-first heap   total 211968K, used 71236K [0x0000000083200000, 0x0000000100000000)
  region size 1024K, 0 young (0K), 0 survivors (0K)
 Metaspace       used 95453K, committed 96704K, reserved 1179648K
  class space    used 11656K, committed 12416K, reserved 1048576K
}
Event: 145664.638 GC heap before
{Heap before GC invocations=165 (full 20):
 garbage-first heap   total 211968K, used 171588K [0x0000000083200000, 0x0000000100000000)
  region size 1024K, 98 young (100352K), 0 survivors (0K)
 Metaspace       used 95792K, committed 96960K, reserved 1179648K
  class space    used 11696K, committed 12416K, reserved 1048576K
}
Event: 145664.660 GC heap after
{Heap after GC invocations=166 (full 20):
 garbage-first heap   total 211968K, used 79107K [0x0000000083200000, 0x0000000100000000)
  region size 1024K, 8 young (8192K), 8 survivors (8192K)
 Metaspace       used 95792K, committed 96960K, reserved 1179648K
  class space    used 11696K, committed 12416K, reserved 1048576K
}
Event: 145687.950 GC heap before
{Heap before GC invocations=166 (full 20):
 garbage-first heap   total 211968K, used 170243K [0x0000000083200000, 0x0000000100000000)
  region size 1024K, 98 young (100352K), 8 survivors (8192K)
 Metaspace       used 96326K, committed 97408K, reserved 1179648K
  class space    used 11778K, committed 12416K, reserved 1048576K
}
Event: 145688.007 GC heap after
{Heap after GC invocations=167 (full 20):
 garbage-first heap   total 211968K, used 83110K [0x0000000083200000, 0x0000000100000000)
  region size 1024K, 6 young (6144K), 6 survivors (6144K)
 Metaspace       used 96326K, committed 97408K, reserved 1179648K
  class space    used 11778K, committed 12416K, reserved 1048576K
}

Dll operation events (11 events):
Event: 0.009 Loaded shared library C:\labs_lect\jdk-17.0.15+6\bin\java.dll
Event: 0.036 Loaded shared library C:\labs_lect\jdk-17.0.15+6\bin\jsvml.dll
Event: 0.205 Loaded shared library C:\labs_lect\jdk-17.0.15+6\bin\jimage.dll
Event: 0.213 Loaded shared library C:\labs_lect\jdk-17.0.15+6\bin\net.dll
Event: 0.215 Loaded shared library C:\labs_lect\jdk-17.0.15+6\bin\nio.dll
Event: 0.218 Loaded shared library C:\labs_lect\jdk-17.0.15+6\bin\zip.dll
Event: 0.314 Loaded shared library C:\labs_lect\jdk-17.0.15+6\bin\management.dll
Event: 0.336 Loaded shared library C:\labs_lect\jdk-17.0.15+6\bin\management_ext.dll
Event: 0.718 Loaded shared library C:\labs_lect\jdk-17.0.15+6\bin\extnet.dll
Event: 0.801 Loaded shared library C:\labs_lect\jdk-17.0.15+6\bin\verify.dll
Event: 3.924 Loaded shared library C:\labs_lect\jdk-17.0.15+6\bin\sunmscapi.dll

Deoptimization events (20 events):
Event: 145675.443 Thread 0x00000221d8550590 Uncommon trap: trap_request=0x0000004c fr.pc=0x0000022188b47c28 relative=0x0000000000001b08
Event: 145675.443 Thread 0x00000221d8550590 Uncommon trap: reason=unloaded action=reinterpret pc=0x0000022188b47c28 method=org.springframework.beans.factory.support.ConstructorResolver.instantiate(Ljava/lang/String;Lorg/springframework/beans/factory/support/RootBeanDefinition;Ljava/lang/Object;Ljav
Event: 145675.443 Thread 0x00000221d8550590 DEOPT PACKING pc=0x0000022188b47c28 sp=0x000000f2a8afe510
Event: 145675.443 Thread 0x00000221d8550590 DEOPT UNPACKING pc=0x000002218758a1a3 sp=0x000000f2a8afe510 mode 2
Event: 145713.270 Thread 0x00000221d854f660 Uncommon trap: trap_request=0xffffffbe fr.pc=0x0000022188b74908 relative=0x00000000000001e8
Event: 145713.271 Thread 0x00000221d854f660 Uncommon trap: reason=profile_predicate action=maybe_recompile pc=0x0000022188b74908 method=java.util.LinkedList.toArray([Ljava/lang/Object;)[Ljava/lang/Object; @ 39 c2
Event: 145713.271 Thread 0x00000221d854f660 DEOPT PACKING pc=0x0000022188b74908 sp=0x000000f2a8efe420
Event: 145713.273 Thread 0x00000221d854f660 DEOPT UNPACKING pc=0x000002218758a1a3 sp=0x000000f2a8efe3d8 mode 2
Event: 145713.273 Thread 0x00000221d854f660 Uncommon trap: trap_request=0xffffffbe fr.pc=0x0000022188b74908 relative=0x00000000000001e8
Event: 145713.273 Thread 0x00000221d854f660 Uncommon trap: reason=profile_predicate action=maybe_recompile pc=0x0000022188b74908 method=java.util.LinkedList.toArray([Ljava/lang/Object;)[Ljava/lang/Object; @ 39 c2
Event: 145713.273 Thread 0x00000221d854f660 DEOPT PACKING pc=0x0000022188b74908 sp=0x000000f2a8efe420
Event: 145713.273 Thread 0x00000221d854f660 DEOPT UNPACKING pc=0x000002218758a1a3 sp=0x000000f2a8efe3d8 mode 2
Event: 145713.273 Thread 0x00000221d854f660 Uncommon trap: trap_request=0xffffffbe fr.pc=0x0000022188b74908 relative=0x00000000000001e8
Event: 145713.273 Thread 0x00000221d854f660 Uncommon trap: reason=profile_predicate action=maybe_recompile pc=0x0000022188b74908 method=java.util.LinkedList.toArray([Ljava/lang/Object;)[Ljava/lang/Object; @ 39 c2
Event: 145713.273 Thread 0x00000221d854f660 DEOPT PACKING pc=0x0000022188b74908 sp=0x000000f2a8efe420
Event: 145713.273 Thread 0x00000221d854f660 DEOPT UNPACKING pc=0x000002218758a1a3 sp=0x000000f2a8efe3d8 mode 2
Event: 145713.273 Thread 0x00000221d854f660 Uncommon trap: trap_request=0xffffffbe fr.pc=0x0000022188b74908 relative=0x00000000000001e8
Event: 145713.273 Thread 0x00000221d854f660 Uncommon trap: reason=profile_predicate action=maybe_recompile pc=0x0000022188b74908 method=java.util.LinkedList.toArray([Ljava/lang/Object;)[Ljava/lang/Object; @ 39 c2
Event: 145713.273 Thread 0x00000221d854f660 DEOPT PACKING pc=0x0000022188b74908 sp=0x000000f2a8efe420
Event: 145713.273 Thread 0x00000221d854f660 DEOPT UNPACKING pc=0x000002218758a1a3 sp=0x000000f2a8efe3d8 mode 2

Classes loaded (20 events):
Event: 4666.650 Loading class java/io/FileOutputStream$1
Event: 4666.651 Loading class java/io/FileOutputStream$1 done
Event: 4666.682 Loading class java/util/WeakHashMap$KeyIterator
Event: 4666.684 Loading class java/util/WeakHashMap$KeyIterator done
Event: 4667.207 Loading class java/lang/ref/Finalizer$2
Event: 4667.216 Loading class java/lang/ref/Finalizer$2 done
Event: 4667.216 Loading class java/lang/ref/Finalizer$1
Event: 4667.217 Loading class java/lang/ref/Finalizer$1 done
Event: 4668.606 Loading class java/time/DurationEditor
Event: 4668.606 Loading class java/time/DurationEditor done
Event: 4668.799 Loading class java/io/InvalidClassException
Event: 4668.799 Loading class java/io/InvalidClassException done
Event: 35294.995 Loading class java/rmi/server/UnicastRemoteObject
Event: 35295.075 Loading class java/rmi/server/UnicastRemoteObject done
Event: 143894.124 Loading class java/time/DurationEditor
Event: 143894.127 Loading class java/time/DurationEditor done
Event: 143898.272 Loading class jdk/internal/misc/ScopedMemoryAccess$Scope$Handle
Event: 143898.275 Loading class jdk/internal/misc/ScopedMemoryAccess$Scope$Handle done
Event: 145674.970 Loading class java/lang/ExceptionInInitializerError
Event: 145674.981 Loading class java/lang/ExceptionInInitializerError done

Classes unloaded (20 events):
Event: 145253.216 Thread 0x00000221ff4fdad0 Unloading class 0x00000221907d8400 'jdk/internal/reflect/GeneratedSerializationConstructorAccessor352'
Event: 145253.216 Thread 0x00000221ff4fdad0 Unloading class 0x00000221908d3000 'jdk/internal/reflect/GeneratedSerializationConstructorAccessor351'
Event: 145253.217 Thread 0x00000221ff4fdad0 Unloading class 0x00000221908dc800 'jdk/internal/reflect/GeneratedSerializationConstructorAccessor350'
Event: 145253.218 Thread 0x00000221ff4fdad0 Unloading class 0x00000221908dd000 'jdk/internal/reflect/GeneratedSerializationConstructorAccessor349'
Event: 145253.219 Thread 0x00000221ff4fdad0 Unloading class 0x00000221909f4400 'jdk/internal/reflect/GeneratedSerializationConstructorAccessor348'
Event: 145650.758 Thread 0x00000221ff4fdad0 Unloading class 0x0000022190005c00 'jdk/internal/reflect/GeneratedSerializationConstructorAccessor382'
Event: 145650.758 Thread 0x00000221ff4fdad0 Unloading class 0x0000022190005800 'jdk/internal/reflect/GeneratedSerializationConstructorAccessor381'
Event: 145650.758 Thread 0x00000221ff4fdad0 Unloading class 0x0000022190006400 'jdk/internal/reflect/GeneratedSerializationConstructorAccessor380'
Event: 145650.758 Thread 0x00000221ff4fdad0 Unloading class 0x0000022190006000 'jdk/internal/reflect/GeneratedSerializationConstructorAccessor379'
Event: 145650.758 Thread 0x00000221ff4fdad0 Unloading class 0x00000221900c1c00 'jdk/internal/reflect/GeneratedSerializationConstructorAccessor378'
Event: 145650.758 Thread 0x00000221ff4fdad0 Unloading class 0x00000221900c1800 'jdk/internal/reflect/GeneratedSerializationConstructorAccessor377'
Event: 145650.758 Thread 0x00000221ff4fdad0 Unloading class 0x000002219059e400 'jdk/internal/reflect/GeneratedSerializationConstructorAccessor376'
Event: 145650.758 Thread 0x00000221ff4fdad0 Unloading class 0x000002219059e000 'jdk/internal/reflect/GeneratedSerializationConstructorAccessor375'
Event: 145650.758 Thread 0x00000221ff4fdad0 Unloading class 0x0000022190b0c400 'jdk/internal/reflect/GeneratedSerializationConstructorAccessor374'
Event: 145650.758 Thread 0x00000221ff4fdad0 Unloading class 0x0000022190b0c000 'jdk/internal/reflect/GeneratedSerializationConstructorAccessor373'
Event: 145650.758 Thread 0x00000221ff4fdad0 Unloading class 0x0000022190bba400 'jdk/internal/reflect/GeneratedSerializationConstructorAccessor372'
Event: 145650.758 Thread 0x00000221ff4fdad0 Unloading class 0x0000022190bba000 'jdk/internal/reflect/GeneratedSerializationConstructorAccessor371'
Event: 145650.758 Thread 0x00000221ff4fdad0 Unloading class 0x0000022190bbb400 'jdk/internal/reflect/GeneratedSerializationConstructorAccessor370'
Event: 145650.758 Thread 0x00000221ff4fdad0 Unloading class 0x0000022190bbb000 'jdk/internal/reflect/GeneratedSerializationConstructorAccessor369'
Event: 145650.758 Thread 0x00000221ff4fdad0 Unloading class 0x0000022190bf0400 'jdk/internal/reflect/GeneratedSerializationConstructorAccessor368'

Classes redefined (0 events):
No events

Internal exceptions (20 events):
Event: 145675.053 Thread 0x00000221d8550590 Exception <a 'java/lang/Error'{0x000000008b654698}> (0x000000008b654698) 
thrown [s\src\hotspot\share\oops\instanceKlass.cpp, line 1218]
Event: 145675.099 Thread 0x00000221d8550590 Exception <a 'java/lang/Error'{0x000000008b6b9d08}> (0x000000008b6b9d08) 
thrown [s\src\hotspot\share\oops\instanceKlass.cpp, line 1218]
Event: 145675.172 Thread 0x00000221d8550590 Exception <a 'java/lang/Error'{0x000000008b6fe378}> (0x000000008b6fe378) 
thrown [s\src\hotspot\share\oops\instanceKlass.cpp, line 1218]
Event: 145675.189 Thread 0x00000221d8550590 Exception <a 'java/lang/Error'{0x000000008b516798}> (0x000000008b516798) 
thrown [s\src\hotspot\share\oops\instanceKlass.cpp, line 1218]
Event: 145675.237 Thread 0x00000221d8550590 Exception <a 'java/lang/Error'{0x000000008b545238}> (0x000000008b545238) 
thrown [s\src\hotspot\share\oops\instanceKlass.cpp, line 1218]
Event: 145675.239 Thread 0x00000221d8550590 Exception <a 'java/lang/Error'{0x000000008b549fd0}> (0x000000008b549fd0) 
thrown [s\src\hotspot\share\oops\instanceKlass.cpp, line 1218]
Event: 145675.242 Thread 0x00000221d8550590 Exception <a 'java/lang/Error'{0x000000008b54e6f8}> (0x000000008b54e6f8) 
thrown [s\src\hotspot\share\oops\instanceKlass.cpp, line 1218]
Event: 145675.250 Thread 0x00000221d8550590 Exception <a 'java/lang/Error'{0x000000008b553708}> (0x000000008b553708) 
thrown [s\src\hotspot\share\oops\instanceKlass.cpp, line 1218]
Event: 145675.255 Thread 0x00000221d8550590 Exception <a 'java/lang/Error'{0x000000008b5589e8}> (0x000000008b5589e8) 
thrown [s\src\hotspot\share\oops\instanceKlass.cpp, line 1218]
Event: 145675.348 Thread 0x00000221d8550590 Exception <a 'java/lang/Error'{0x000000008b57dfd8}> (0x000000008b57dfd8) 
thrown [s\src\hotspot\share\oops\instanceKlass.cpp, line 1218]
Event: 145675.441 Thread 0x00000221d8550590 Exception <a 'java/lang/NoClassDefFoundError'{0x000000008b0c19c8}: Could not initialize class com.medi.backend.admin.mapper.AdminMapper> (0x000000008b0c19c8) 
thrown [s\src\hotspot\share\oops\instanceKlass.cpp, line 1131]
Event: 145675.441 Thread 0x00000221d8550590 Exception <a 'java/lang/reflect/InvocationTargetException'{0x000000008b0c1f40}> (0x000000008b0c1f40) 
thrown [s\src\hotspot\share\runtime\reflection.cpp, line 1128]
Event: 145675.497 Thread 0x00000221d85514c0 Exception <a 'java/lang/InterruptedException'{0x000000008af00040}: sleep interrupted> (0x000000008af00040) 
thrown [s\src\hotspot\share\prims\jvm.cpp, line 3064]
Event: 145675.557 Thread 0x00000221d8550590 Exception <a 'java/lang/NoClassDefFoundError'{0x000000008af937e0}: liquibase/exception/ChangeLogParseException> (0x000000008af937e0) 
thrown [s\src\hotspot\share\classfile\systemDictionary.cpp, line 245]
Event: 145675.608 Thread 0x00000221d8550590 Exception <a 'java/lang/reflect/InvocationTargetException'{0x000000008afdcdd8}> (0x000000008afdcdd8) 
thrown [s\src\hotspot\share\runtime\reflection.cpp, line 1128]
Event: 145687.902 Thread 0x00000221d49b19f0 Exception <a 'sun/nio/fs/WindowsException'{0x000000008a775468}> (0x000000008a775468) 
thrown [s\src\hotspot\share\prims\jni.cpp, line 516]
Event: 145690.407 Thread 0x00000221d49b19f0 Exception <a 'java/lang/NoClassDefFoundError'{0x000000008d5e41a0}: RedisConnectionFactory> (0x000000008d5e41a0) 
thrown [s\src\hotspot\share\classfile\systemDictionary.cpp, line 245]
Event: 145690.488 Thread 0x00000221d49b19f0 Exception <a 'java/lang/NoClassDefFoundError'{0x000000008d473d90}: liquibase/exception/ChangeLogParseException> (0x000000008d473d90) 
thrown [s\src\hotspot\share\classfile\systemDictionary.cpp, line 245]
Event: 145690.512 Thread 0x00000221d49b19f0 Exception <a 'java/lang/reflect/InvocationTargetException'{0x000000008d4bef30}> (0x000000008d4bef30) 
thrown [s\src\hotspot\share\runtime\reflection.cpp, line 1128]
Event: 145713.283 Thread 0x00000221d854f660 Exception <a 'sun/nio/fs/WindowsException'{0x000000008c358d48}> (0x000000008c358d48) 
thrown [s\src\hotspot\share\prims\jni.cpp, line 516]

VM Operations (20 events):
Event: 145668.683 Executing VM operation: Cleanup
Event: 145668.686 Executing VM operation: Cleanup done
Event: 145669.698 Executing VM operation: Cleanup
Event: 145669.698 Executing VM operation: Cleanup done
Event: 145670.699 Executing VM operation: Cleanup
Event: 145671.284 Executing VM operation: Cleanup done
Event: 145672.291 Executing VM operation: Cleanup
Event: 145672.304 Executing VM operation: Cleanup done
Event: 145675.328 Executing VM operation: Cleanup
Event: 145675.328 Executing VM operation: Cleanup done
Event: 145676.338 Executing VM operation: Cleanup
Event: 145676.338 Executing VM operation: Cleanup done
Event: 145687.949 Executing VM operation: G1CollectForAllocation
Event: 145688.007 Executing VM operation: G1CollectForAllocation done
Event: 145689.014 Executing VM operation: Cleanup
Event: 145689.015 Executing VM operation: Cleanup done
Event: 145690.023 Executing VM operation: Cleanup
Event: 145690.023 Executing VM operation: Cleanup done
Event: 145714.197 Executing VM operation: Cleanup
Event: 145714.198 Executing VM operation: Cleanup done

Memory protections (0 events):
No events

Nmethod flushes (20 events):
Event: 37034.908 Thread 0x00000221ff528450 flushing  nmethod 0x0000022181460390
Event: 37034.908 Thread 0x00000221ff528450 flushing  nmethod 0x0000022181465090
Event: 37034.908 Thread 0x00000221ff528450 flushing  nmethod 0x0000022181466f90
Event: 37034.908 Thread 0x00000221ff528450 flushing  nmethod 0x000002218146c790
Event: 37034.908 Thread 0x00000221ff528450 flushing  nmethod 0x000002218146cf90
Event: 37034.908 Thread 0x00000221ff528450 flushing  nmethod 0x000002218146ed90
Event: 37034.908 Thread 0x00000221ff528450 flushing  nmethod 0x000002218146f990
Event: 37034.909 Thread 0x00000221ff528450 flushing  nmethod 0x0000022181485710
Event: 37034.909 Thread 0x00000221ff528450 flushing  nmethod 0x0000022181486190
Event: 37034.909 Thread 0x00000221ff528450 flushing  nmethod 0x0000022181487790
Event: 37034.909 Thread 0x00000221ff528450 flushing  nmethod 0x00000221814b1290
Event: 37034.909 Thread 0x00000221ff528450 flushing  nmethod 0x00000221814bcb10
Event: 37034.910 Thread 0x00000221ff528450 flushing  nmethod 0x00000221814d1790
Event: 37034.910 Thread 0x00000221ff528450 flushing  nmethod 0x00000221814d2510
Event: 37034.910 Thread 0x00000221ff528450 flushing  nmethod 0x00000221814d7610
Event: 37034.910 Thread 0x00000221ff528450 flushing  nmethod 0x000002218152d210
Event: 37034.912 Thread 0x00000221ff528450 flushing  nmethod 0x000002218163b290
Event: 37034.913 Thread 0x00000221ff528450 flushing  nmethod 0x0000022181669990
Event: 37034.918 Thread 0x00000221ff528450 flushing osr nmethod 0x0000022181850610
Event: 143947.667 Thread 0x00000221ff528450 flushing  nmethod 0x0000022180ff9910

Events (20 events):
Event: 145660.207 Thread 0x00000221d49b05b0 Thread exited: 0x00000221d49b05b0
Event: 145660.385 Thread 0x00000221d49b0ac0 Thread exited: 0x00000221d49b0ac0
Event: 145660.395 Thread 0x00000221d7509980 Thread added: 0x00000221d71193b0
Event: 145661.916 Thread 0x00000221d7509980 Thread added: 0x00000221d8550590
Event: 145663.584 Thread 0x00000221d8550590 Thread added: 0x00000221d49b05b0
Event: 145664.446 Thread 0x00000221d49b05b0 Thread exited: 0x00000221d49b05b0
Event: 145670.690 Thread 0x00000221d8550590 Thread added: 0x00000221d854f150
Event: 145670.690 Thread 0x00000221d8550590 Thread added: 0x00000221d8551ee0
Event: 145670.691 Thread 0x00000221d8550590 Thread added: 0x00000221d85514c0
Event: 145675.497 Thread 0x00000221d85514c0 Thread exited: 0x00000221d85514c0
Event: 145675.524 Thread 0x00000221d8551ee0 Thread exited: 0x00000221d8551ee0
Event: 145675.580 Thread 0x00000221d854f150 Thread exited: 0x00000221d854f150
Event: 145675.608 Thread 0x00000221d8550590 Thread exited: 0x00000221d8550590
Event: 145675.609 Thread 0x00000221d7509980 Thread added: 0x00000221db51d920
Event: 145687.769 Thread 0x00000221d7509980 Thread added: 0x00000221d49b19f0
Event: 145689.098 Thread 0x00000221d49b19f0 Thread added: 0x00000221d750adc0
Event: 145689.254 Thread 0x00000221d750adc0 Thread exited: 0x00000221d750adc0
Event: 145690.512 Thread 0x00000221d49b19f0 Thread exited: 0x00000221d49b19f0
Event: 145690.513 Thread 0x00000221d7509980 Thread added: 0x00000221d499ea80
Event: 145713.261 Thread 0x00000221d7509980 Thread added: 0x00000221d854f660


Dynamic libraries:
0x00007ff6dbf20000 - 0x00007ff6dbf2e000 	C:\labs_lect\jdk-17.0.15+6\bin\java.exe
0x00007ffb1f9a0000 - 0x00007ffb1fc03000 	C:\Windows\SYSTEM32\ntdll.dll
0x00007ffb1e670000 - 0x00007ffb1e738000 	C:\Windows\System32\KERNEL32.DLL
0x00007ffb1d0b0000 - 0x00007ffb1d461000 	C:\Windows\System32\KERNELBASE.dll
0x00007ffb1cd90000 - 0x00007ffb1cedb000 	C:\Windows\System32\ucrtbase.dll
0x00007ffb168e0000 - 0x00007ffb168fe000 	C:\labs_lect\jdk-17.0.15+6\bin\VCRUNTIME140.dll
0x00007ffb16af0000 - 0x00007ffb16b07000 	C:\labs_lect\jdk-17.0.15+6\bin\jli.dll
0x00007ffb1d810000 - 0x00007ffb1d9d8000 	C:\Windows\System32\USER32.dll
0x00007ffaf9450000 - 0x00007ffaf96e0000 	C:\Windows\WinSxS\amd64_microsoft.windows.common-controls_6595b64144ccf1df_6.0.26100.2161_none_3e0cadb0e33078e1\COMCTL32.dll
0x00007ffb1d5a0000 - 0x00007ffb1d5c7000 	C:\Windows\System32\win32u.dll
0x00007ffb1f790000 - 0x00007ffb1f839000 	C:\Windows\System32\msvcrt.dll
0x00007ffb1e980000 - 0x00007ffb1e9aa000 	C:\Windows\System32\GDI32.dll
0x00007ffb1d470000 - 0x00007ffb1d595000 	C:\Windows\System32\gdi32full.dll
0x00007ffb1cee0000 - 0x00007ffb1cf83000 	C:\Windows\System32\msvcp_win.dll
0x00007ffb1f840000 - 0x00007ffb1f86f000 	C:\Windows\System32\IMM32.DLL
0x00007ffb18260000 - 0x00007ffb1826c000 	C:\labs_lect\jdk-17.0.15+6\bin\vcruntime140_1.dll
0x00007ffafcb40000 - 0x00007ffafcbcd000 	C:\labs_lect\jdk-17.0.15+6\bin\msvcp140.dll
0x00007ffaa0cc0000 - 0x00007ffaa192b000 	C:\labs_lect\jdk-17.0.15+6\bin\server\jvm.dll
0x00007ffb1f880000 - 0x00007ffb1f934000 	C:\Windows\System32\ADVAPI32.dll
0x00007ffb1e500000 - 0x00007ffb1e5a6000 	C:\Windows\System32\sechost.dll
0x00007ffb1f380000 - 0x00007ffb1f496000 	C:\Windows\System32\RPCRT4.dll
0x00007ffb1d9e0000 - 0x00007ffb1da54000 	C:\Windows\System32\WS2_32.dll
0x00007ffb1c5e0000 - 0x00007ffb1c62e000 	C:\Windows\SYSTEM32\POWRPROF.dll
0x00007ffb08910000 - 0x00007ffb08946000 	C:\Windows\SYSTEM32\WINMM.dll
0x00007ffb0cd00000 - 0x00007ffb0cd0b000 	C:\Windows\SYSTEM32\VERSION.dll
0x00007ffb1c5c0000 - 0x00007ffb1c5d4000 	C:\Windows\SYSTEM32\UMPDC.dll
0x00007ffb1bba0000 - 0x00007ffb1bbba000 	C:\Windows\SYSTEM32\kernel.appcore.dll
0x00007ffb16eb0000 - 0x00007ffb16eba000 	C:\labs_lect\jdk-17.0.15+6\bin\jimage.dll
0x00007ffb1a020000 - 0x00007ffb1a261000 	C:\Windows\SYSTEM32\DBGHELP.DLL
0x00007ffb1e170000 - 0x00007ffb1e4ed000 	C:\Windows\System32\combase.dll
0x00007ffb1f5f0000 - 0x00007ffb1f6c6000 	C:\Windows\System32\OLEAUT32.dll
0x00007ffb09ae0000 - 0x00007ffb09b19000 	C:\Windows\SYSTEM32\dbgcore.DLL
0x00007ffb1d010000 - 0x00007ffb1d0a9000 	C:\Windows\System32\bcryptPrimitives.dll
0x00007ffb16360000 - 0x00007ffb16385000 	C:\labs_lect\jdk-17.0.15+6\bin\java.dll
0x00007ffae7c00000 - 0x00007ffae7cd7000 	C:\labs_lect\jdk-17.0.15+6\bin\jsvml.dll
0x00007ffb1da60000 - 0x00007ffb1e15f000 	C:\Windows\System32\SHELL32.dll
0x00007ffb1aa80000 - 0x00007ffb1b2ad000 	C:\Windows\SYSTEM32\windows.storage.dll
0x00007ffb1f0c0000 - 0x00007ffb1f193000 	C:\Windows\System32\SHCORE.dll
0x00007ffb1e920000 - 0x00007ffb1e97d000 	C:\Windows\System32\shlwapi.dll
0x00007ffb1cca0000 - 0x00007ffb1ccce000 	C:\Windows\SYSTEM32\profapi.dll
0x00007ffb168b0000 - 0x00007ffb168c9000 	C:\labs_lect\jdk-17.0.15+6\bin\net.dll
0x00007ffb18120000 - 0x00007ffb18246000 	C:\Windows\SYSTEM32\WINHTTP.dll
0x00007ffb1c080000 - 0x00007ffb1c0e8000 	C:\Windows\system32\mswsock.dll
0x00007ffb14210000 - 0x00007ffb14226000 	C:\labs_lect\jdk-17.0.15+6\bin\nio.dll
0x00007ffb13de0000 - 0x00007ffb13df8000 	C:\labs_lect\jdk-17.0.15+6\bin\zip.dll
0x00007ffb16a10000 - 0x00007ffb16a1a000 	C:\labs_lect\jdk-17.0.15+6\bin\management.dll
0x00007ffb144b0000 - 0x00007ffb144bb000 	C:\labs_lect\jdk-17.0.15+6\bin\management_ext.dll
0x00007ffb1e4f0000 - 0x00007ffb1e4f8000 	C:\Windows\System32\PSAPI.DLL
0x00007ffb05920000 - 0x00007ffb05938000 	C:\Windows\system32\napinsp.dll
0x00007ffb1b6b0000 - 0x00007ffb1b7d5000 	C:\Windows\SYSTEM32\DNSAPI.dll
0x00007ffb1b610000 - 0x00007ffb1b641000 	C:\Windows\SYSTEM32\IPHLPAPI.DLL
0x00007ffb1f750000 - 0x00007ffb1f75a000 	C:\Windows\System32\NSI.dll
0x00007ffb05900000 - 0x00007ffb05912000 	C:\Windows\System32\winrnr.dll
0x00007ffb036c0000 - 0x00007ffb036e2000 	C:\Windows\system32\nlansp_c.dll
0x00007ffb16e20000 - 0x00007ffb16e36000 	C:\Windows\system32\wshbth.dll
0x00007ffb16e40000 - 0x00007ffb16e4b000 	C:\Windows\System32\rasadhlp.dll
0x00007ffb183a0000 - 0x00007ffb18426000 	C:\Windows\System32\fwpuclnt.dll
0x00007ffb1c430000 - 0x00007ffb1c44c000 	C:\Windows\SYSTEM32\CRYPTSP.dll
0x00007ffb1bb00000 - 0x00007ffb1bb38000 	C:\Windows\system32\rsaenh.dll
0x00007ffb1c120000 - 0x00007ffb1c14b000 	C:\Windows\SYSTEM32\USERENV.dll
0x00007ffb1c6d0000 - 0x00007ffb1c6f6000 	C:\Windows\SYSTEM32\bcrypt.dll
0x00007ffb1c2b0000 - 0x00007ffb1c2bc000 	C:\Windows\SYSTEM32\CRYPTBASE.dll
0x00007ffb182a0000 - 0x00007ffb182be000 	C:\Windows\SYSTEM32\dhcpcsvc6.DLL
0x00007ffb18270000 - 0x00007ffb18295000 	C:\Windows\SYSTEM32\dhcpcsvc.DLL
0x00007ffb135c0000 - 0x00007ffb135c9000 	C:\labs_lect\jdk-17.0.15+6\bin\extnet.dll
0x00007ffb16d50000 - 0x00007ffb16d60000 	C:\labs_lect\jdk-17.0.15+6\bin\verify.dll
0x00007ffb126b0000 - 0x00007ffb126be000 	C:\labs_lect\jdk-17.0.15+6\bin\sunmscapi.dll
0x00007ffb1d5d0000 - 0x00007ffb1d746000 	C:\Windows\System32\CRYPT32.dll
0x00007ffb1c690000 - 0x00007ffb1c6c0000 	C:\Windows\SYSTEM32\ncrypt.dll
0x00007ffb1c640000 - 0x00007ffb1c67f000 	C:\Windows\SYSTEM32\NTASN1.dll
0x00007ffa9ce60000 - 0x00007ffa9ce68000 	C:\Windows\system32\wshunix.dll

dbghelp: loaded successfully - version: 4.0.5 - missing functions: none
symbol engine: initialized successfully - sym options: 0x614 - pdb path: .;C:\labs_lect\jdk-17.0.15+6\bin;C:\Windows\SYSTEM32;C:\Windows\WinSxS\amd64_microsoft.windows.common-controls_6595b64144ccf1df_6.0.26100.2161_none_3e0cadb0e33078e1;C:\labs_lect\jdk-17.0.15+6\bin\server

VM Arguments:
jvm_args: -XX:+ShowCodeDetailsInExceptionMessages -Dspring.jmx.enabled=true -Dmanagement.endpoints.jmx.exposure.include=* -Dspring.application.admin.enabled=true -Dspring.boot.project.name=backend -Djava.rmi.server.hostname=localhost -Dcom.sun.management.jmxremote.port=45556 -Dcom.sun.management.jmxremote.authenticate=false -Dcom.sun.management.jmxremote.ssl=false 
java_command: com.medi.backend.BackendApplication
java_class_path (initial): C:\medi\backend\bin\main;C:\medi\backend\bin\test;C:\medi\backend\bin\default;C:\Users\USER\.gradle\caches\modules-2\files-2.1\org.projectlombok\lombok\1.18.40\398c6d2d7c42c96b65e78d2ddc9be0058c163453\lombok-1.18.40.jar;C:\Users\USER\.gradle\caches\modules-2\files-2.1\org.springdoc\springdoc-openapi-starter-webmvc-ui\2.6.0\2dddebb56441dbaa1009c4de434a83c65596f6ad\springdoc-openapi-starter-webmvc-ui-2.6.0.jar;C:\Users\USER\.gradle\caches\modules-2\files-2.1\org.springframework.boot\spring-boot-starter-security\3.5.6\f784752820b4e59f1e144e6d208d04fa27da9\spring-boot-starter-security-3.5.6.jar;C:\Users\USER\.gradle\caches\modules-2\files-2.1\org.springframework.boot\spring-boot-starter-validation\3.5.6\2ec647ae8e16b09a4aee4a17c0e7736f6214aacc\spring-boot-starter-validation-3.5.6.jar;C:\Users\USER\.gradle\caches\modules-2\files-2.1\org.mybatis.spring.boot\mybatis-spring-boot-starter\3.0.3\19528356bf8bad2be5f8bf796dfc30bcc4996054\mybatis-spring-boot-starter-3.0.3.jar;C:\Users\USER\.gradle\caches\modules-2\files-2.1\org.springframework.boot\spring-boot-starter-web\3.5.6\83d6174983b3d6649525a272222af212728a9892\spring-boot-starter-web-3.5.6.jar;C:\Users\USER\.gradle\caches\modules-2\files-2.1\org.springframework.boot\spring-boot-starter-mail\3.5.6\3eb538d7fd28516e08908d9b9b912a8d8ec5cc8e\spring-boot-starter-mail-3.5.6.jar;C:\Users\USER\.gradle\caches\modules-2\files-2.1\org.springframework.boot\spring-boot-starter-actuator\3.5.6\3e00af7ce0236ea8644bf76284f538beba3e76c7\spring-boot-starter-actuator-3.5.6.jar;C:\Users\USER\.gradle\caches\modules-2\files-2.1\org.springframework.boot\spring-boot-starter-oauth2-client\3.5.6\67978575443284979cf403638d2bf9b299fe02ec\spring-boot-starter-oauth2-client-3.5.6.jar;C:\Users\USER\.gradle\caches\modules-2\files-2.1\org.springframework.boot\spring-boot-starter-data-redis\3.5.6\cd8b9c7e3d4139528b58e74d65b708d12d5d612d\spring-boot-starter-data-redis-3.5.6.jar;C:\Users\USER\.gradle\caches\modules-2\files-2.1\com.
Launcher Type: SUN_STANDARD

[Global flags]
     intx CICompilerCount                          = 4                                         {product} {ergonomic}
     uint ConcGCThreads                            = 2                                         {product} {ergonomic}
     uint G1ConcRefinementThreads                  = 8                                         {product} {ergonomic}
   size_t G1HeapRegionSize                         = 1048576                                   {product} {ergonomic}
    uintx GCDrainStackTargetSize                   = 64                                        {product} {ergonomic}
   size_t InitialHeapSize                          = 132120576                                 {product} {ergonomic}
     bool ManagementServer                         = true                                      {product} {command line}
   size_t MarkStackSize                            = 4194304                                   {product} {ergonomic}
   size_t MaxHeapSize                              = 2095054848                                {product} {ergonomic}
   size_t MaxNewSize                               = 1256194048                                {product} {ergonomic}
   size_t MinHeapDeltaBytes                        = 1048576                                   {product} {ergonomic}
   size_t MinHeapSize                              = 8388608                                   {product} {ergonomic}
    uintx NonNMethodCodeHeapSize                   = 5839372                                {pd product} {ergonomic}
    uintx NonProfiledCodeHeapSize                  = 122909434                              {pd product} {ergonomic}
    uintx ProfiledCodeHeapSize                     = 122909434                              {pd product} {ergonomic}
    uintx ReservedCodeCacheSize                    = 251658240                              {pd product} {ergonomic}
     bool SegmentedCodeCache                       = true                                      {product} {ergonomic}
     bool ShowCodeDetailsInExceptionMessages       = true                                   {manageable} {command line}
   size_t SoftMaxHeapSize                          = 2095054848                             {manageable} {ergonomic}
     bool UseCompressedClassPointers               = true                           {product lp64_product} {ergonomic}
     bool UseCompressedOops                        = true                           {product lp64_product} {ergonomic}
     bool UseG1GC                                  = true                                      {product} {ergonomic}
     bool UseLargePagesIndividualAllocation        = false                                  {pd product} {ergonomic}

Logging:
Log output configuration:
 #0: stdout all=warning uptime,level,tags
 #1: stderr all=off uptime,level,tags

Environment Variables:
JAVA_HOME=C:\labs_lect\jdk-17.0.15+6
PATH=C:\labs_lect\jdk-17.0.15+6\bin;C:\labs_lect\jdk-17.0.15+6\bin;C:\Windows\system32;C:\Windows;C:\Windows\System32\Wbem;C:\Windows\System32\WindowsPowerShell\v1.0\;C:\Windows\System32\OpenSSH\;C:\Program Files\Bandizip\;C:\Program Files\Git\cmd;C:\Program Files\nodejs\;C:\Users\USER\AppData\Roaming\Python\Scripts;C:\Program Files\Docker\Docker\resources\bin;C:\oraclexe\app\oracle\product\11.2.0\server\bin;C:\Program Files\cursor\resources\app\bin;C:\Program Files\MySQL\MySQL Shell 8.0\bin\;C:\Users\USER\.local\bin;C:\Users\USER\AppData\Local\Programs\Python\Python311\Scripts\;C:\Users\USER\AppData\Local\Programs\Python\Python311\;C:\Users\USER\AppData\Local\Programs\Python\Launcher\;C:\Users\USER\AppData\Local\Microsoft\WindowsApps;C:\Users\USER\AppData\Local\Programs\Microsoft VS Code\bin;C:\Users\USER\AppData\Roaming\npm;C:\Users\USER\AppData\Local\Programs\Fiddler;c:\Users\USER\.vscode\extensions\vscjava.vscode-java-debug-0.58.3\bundled\scripts\noConfigScripts
USERNAME=USER
LANG=en_US.UTF-8
OS=Windows_NT
PROCESSOR_IDENTIFIER=Intel64 Family 6 Model 140 Stepping 1, GenuineIntel
TMP=C:\Users\USER\AppData\Local\Temp
TEMP=C:\Users\USER\AppData\Local\Temp



Periodic native trim disabled


---------------  S Y S T E M  ---------------

OS:
 Windows 11 , 64 bit Build 26100 (10.0.26100.2161)
OS uptime: 27 days 0:11 hours
Hyper-V role detected

CPU: total 8 (initial active 8) (4 cores per cpu, 2 threads per core) family 6 model 140 stepping 1 microcode 0x6e, cx8, cmov, fxsr, ht, mmx, 3dnowpref, sse, sse2, sse3, ssse3, sse4.1, sse4.2, popcnt, lzcnt, tsc, tscinvbit, avx, avx2, aes, erms, clmul, bmi1, bmi2, adx, avx512f, avx512dq, avx512cd, avx512bw, avx512vl, sha, fma, vzeroupper, avx512_vpopcntdq, avx512_vpclmulqdq, avx512_vaes, avx512_vnni, clflush, clflushopt, clwb, avx512_vbmi2, avx512_vbmi, hv
Processor Information for all 8 processors :
  Max Mhz: 2803, Current Mhz: 2803, Mhz Limit: 2803

Memory: 4k page, system-wide physical 7991M (694M free)
TotalPageFile size 32567M (AvailPageFile size 2M)
current process WorkingSet (physical memory assigned to process): 251M, peak: 475M
current process commit charge ("private bytes"): 534M, peak: 774M

vm_info: OpenJDK 64-Bit Server VM (17.0.15+6) for windows-amd64 JRE (17.0.15+6), built on Apr 15 2025 21:25:47 by "admin" with MS VC++ 17.7 (VS2022)

END.
