2025-11-27T17:38:15.779+09:00  INFO 13108 --- [restartedMain] com.medi.backend.BackendApplication      : Starting BackendApplication using Java 17.0.15 with PID 13108 (C:\medi\backend\build\classes\java\main started by USER in C:\medi\backend)
2025-11-27T17:38:15.792+09:00 DEBUG 13108 --- [restartedMain] com.medi.backend.BackendApplication      : Running with Spring Boot v3.5.6, Spring v6.2.11
2025-11-27T17:38:15.796+09:00  INFO 13108 --- [restartedMain] com.medi.backend.BackendApplication      : No active profile set, falling back to 1 default profile: "default"
2025-11-27T17:38:15.959+09:00  INFO 13108 --- [restartedMain] .e.DevToolsPropertyDefaultsPostProcessor : Devtools property defaults active! Set 'spring.devtools.add-properties' to 'false' to disable
2025-11-27T17:38:15.964+09:00  INFO 13108 --- [restartedMain] .e.DevToolsPropertyDefaultsPostProcessor : For additional web related logging consider setting the 'logging.level.web' property to 'DEBUG'
2025-11-27T17:38:20.699+09:00 DEBUG 13108 --- [restartedMain] o.m.s.b.a.MybatisAutoConfiguration       : Searching for mappers annotated with @Mapper
2025-11-27T17:38:20.702+09:00 DEBUG 13108 --- [restartedMain] o.m.s.b.a.MybatisAutoConfiguration       : Using auto-configuration base package 'com.medi.backend'
2025-11-27T17:38:21.794+09:00  INFO 13108 --- [restartedMain] .s.d.r.c.RepositoryConfigurationDelegate : Multiple Spring Data modules found, entering strict repository configuration mode
2025-11-27T17:38:21.800+09:00  INFO 13108 --- [restartedMain] .s.d.r.c.RepositoryConfigurationDelegate : Bootstrapping Spring Data Redis repositories in DEFAULT mode.
2025-11-27T17:38:21.880+09:00  INFO 13108 --- [restartedMain] .s.d.r.c.RepositoryConfigurationDelegate : Finished Spring Data repository scanning in 46 ms. Found 0 Redis repository interfaces.
2025-11-27T17:38:22.204+09:00 DEBUG 13108 --- [restartedMain] org.apache.ibatis.logging.LogFactory     : Logging initialized using 'class org.apache.ibatis.logging.slf4j.Slf4jImpl' adapter.
2025-11-27T17:38:22.226+09:00 DEBUG 13108 --- [restartedMain] o.m.s.mapper.ClassPathMapperScanner      : Identified candidate component class: file [C:\medi\backend\build\classes\java\main\com\medi\backend\admin\mapper\AdminMapper.class]
2025-11-27T17:38:22.226+09:00 DEBUG 13108 --- [restartedMain] o.m.s.mapper.ClassPathMapperScanner      : Identified candidate component class: file [C:\medi\backend\build\classes\java\main\com\medi\backend\agent\mapper\AgentMapper.class]
2025-11-27T17:38:22.226+09:00 DEBUG 13108 --- [restartedMain] o.m.s.mapper.ClassPathMapperScanner      : Identified candidate component class: file [C:\medi\backend\build\classes\java\main\com\medi\backend\auth\mapper\AuthMapper.class]
2025-11-27T17:38:22.226+09:00 DEBUG 13108 --- [restartedMain] o.m.s.mapper.ClassPathMapperScanner      : Identified candidate component class: file [C:\medi\backend\build\classes\java\main\com\medi\backend\billing\mapper\BillingMapper.class]
2025-11-27T17:38:22.230+09:00 DEBUG 13108 --- [restartedMain] o.m.s.mapper.ClassPathMapperScanner      : Identified candidate component class: file [C:\medi\backend\build\classes\java\main\com\medi\backend\filter\mapper\FilterMapper.class]
2025-11-27T17:38:22.230+09:00 DEBUG 13108 --- [restartedMain] o.m.s.mapper.ClassPathMapperScanner      : Identified candidate component class: file [C:\medi\backend\build\classes\java\main\com\medi\backend\userdashboard\mapper\UserDashboardMapper.class]
2025-11-27T17:38:22.230+09:00 DEBUG 13108 --- [restartedMain] o.m.s.mapper.ClassPathMapperScanner      : Identified candidate component class: file [C:\medi\backend\build\classes\java\main\com\medi\backend\user\mapper\UserMapper.class]
2025-11-27T17:38:22.232+09:00 DEBUG 13108 --- [restartedMain] o.m.s.mapper.ClassPathMapperScanner      : Identified candidate component class: file [C:\medi\backend\build\classes\java\main\com\medi\backend\youtube\mapper\ChannelMapper.class]
2025-11-27T17:38:22.233+09:00 DEBUG 13108 --- [restartedMain] o.m.s.mapper.ClassPathMapperScanner      : Identified candidate component class: file [C:\medi\backend\build\classes\java\main\com\medi\backend\youtube\mapper\VideoMapper.class]
2025-11-27T17:38:22.234+09:00 DEBUG 13108 --- [restartedMain] o.m.s.mapper.ClassPathMapperScanner      : Identified candidate component class: file [C:\medi\backend\build\classes\java\main\com\medi\backend\youtube\mapper\YoutubeChannelMapper.class]
2025-11-27T17:38:22.234+09:00 DEBUG 13108 --- [restartedMain] o.m.s.mapper.ClassPathMapperScanner      : Identified candidate component class: file [C:\medi\backend\build\classes\java\main\com\medi\backend\youtube\mapper\YoutubeCommentSyncCursorMapper.class]
2025-11-27T17:38:22.234+09:00 DEBUG 13108 --- [restartedMain] o.m.s.mapper.ClassPathMapperScanner      : Identified candidate component class: file [C:\medi\backend\build\classes\java\main\com\medi\backend\youtube\mapper\YoutubeOAuthTokenMapper.class]
2025-11-27T17:38:22.234+09:00 DEBUG 13108 --- [restartedMain] o.m.s.mapper.ClassPathMapperScanner      : Identified candidate component class: file [C:\medi\backend\build\classes\java\main\com\medi\backend\youtube\mapper\YoutubeSyncStatusMapper.class]
2025-11-27T17:38:22.234+09:00 DEBUG 13108 --- [restartedMain] o.m.s.mapper.ClassPathMapperScanner      : Identified candidate component class: file [C:\medi\backend\build\classes\java\main\com\medi\backend\youtube\mapper\YoutubeVideoMapper.class]
2025-11-27T17:38:22.239+09:00 DEBUG 13108 --- [restartedMain] o.m.s.mapper.ClassPathMapperScanner      : Creating MapperFactoryBean with name 'adminMapper' and 'com.medi.backend.admin.mapper.AdminMapper' mapperInterface
2025-11-27T17:38:22.244+09:00 DEBUG 13108 --- [restartedMain] o.m.s.mapper.ClassPathMapperScanner      : Creating MapperFactoryBean with name 'agentMapper' and 'com.medi.backend.agent.mapper.AgentMapper' mapperInterface
2025-11-27T17:38:22.244+09:00 DEBUG 13108 --- [restartedMain] o.m.s.mapper.ClassPathMapperScanner      : Creating MapperFactoryBean with name 'authMapper' and 'com.medi.backend.auth.mapper.AuthMapper' mapperInterface
2025-11-27T17:38:22.244+09:00 DEBUG 13108 --- [restartedMain] o.m.s.mapper.ClassPathMapperScanner      : Creating MapperFactoryBean with name 'billingMapper' and 'com.medi.backend.billing.mapper.BillingMapper' mapperInterface
2025-11-27T17:38:22.249+09:00 DEBUG 13108 --- [restartedMain] o.m.s.mapper.ClassPathMapperScanner      : Creating MapperFactoryBean with name 'filterMapper' and 'com.medi.backend.filter.mapper.FilterMapper' mapperInterface
2025-11-27T17:38:22.249+09:00 DEBUG 13108 --- [restartedMain] o.m.s.mapper.ClassPathMapperScanner      : Creating MapperFactoryBean with name 'userDashboardMapper' and 'com.medi.backend.userdashboard.mapper.UserDashboardMapper' mapperInterface
2025-11-27T17:38:22.249+09:00 DEBUG 13108 --- [restartedMain] o.m.s.mapper.ClassPathMapperScanner      : Creating MapperFactoryBean with name 'userMapper' and 'com.medi.backend.user.mapper.UserMapper' mapperInterface
2025-11-27T17:38:22.249+09:00 DEBUG 13108 --- [restartedMain] o.m.s.mapper.ClassPathMapperScanner      : Creating MapperFactoryBean with name 'channelMapper' and 'com.medi.backend.youtube.mapper.ChannelMapper' mapperInterface
2025-11-27T17:38:22.249+09:00 DEBUG 13108 --- [restartedMain] o.m.s.mapper.ClassPathMapperScanner      : Creating MapperFactoryBean with name 'videoMapper' and 'com.medi.backend.youtube.mapper.VideoMapper' mapperInterface
2025-11-27T17:38:22.254+09:00 DEBUG 13108 --- [restartedMain] o.m.s.mapper.ClassPathMapperScanner      : Creating MapperFactoryBean with name 'youtubeChannelMapper' and 'com.medi.backend.youtube.mapper.YoutubeChannelMapper' mapperInterface
2025-11-27T17:38:22.254+09:00 DEBUG 13108 --- [restartedMain] o.m.s.mapper.ClassPathMapperScanner      : Creating MapperFactoryBean with name 'youtubeCommentSyncCursorMapper' and 'com.medi.backend.youtube.mapper.YoutubeCommentSyncCursorMapper' mapperInterface
2025-11-27T17:38:22.254+09:00 DEBUG 13108 --- [restartedMain] o.m.s.mapper.ClassPathMapperScanner      : Creating MapperFactoryBean with name 'youtubeOAuthTokenMapper' and 'com.medi.backend.youtube.mapper.YoutubeOAuthTokenMapper' mapperInterface
2025-11-27T17:38:22.254+09:00 DEBUG 13108 --- [restartedMain] o.m.s.mapper.ClassPathMapperScanner      : Creating MapperFactoryBean with name 'youtubeSyncStatusMapper' and 'com.medi.backend.youtube.mapper.YoutubeSyncStatusMapper' mapperInterface
2025-11-27T17:38:22.254+09:00 DEBUG 13108 --- [restartedMain] o.m.s.mapper.ClassPathMapperScanner      : Creating MapperFactoryBean with name 'youtubeVideoMapper' and 'com.medi.backend.youtube.mapper.YoutubeVideoMapper' mapperInterface
2025-11-27T17:38:23.964+09:00  INFO 13108 --- [restartedMain] o.s.b.w.embedded.tomcat.TomcatWebServer  : Tomcat initialized with port 8080 (http)
2025-11-27T17:38:23.993+09:00  INFO 13108 --- [restartedMain] o.apache.catalina.core.StandardService   : Starting service [Tomcat]
2025-11-27T17:38:23.993+09:00  INFO 13108 --- [restartedMain] o.apache.catalina.core.StandardEngine    : Starting Servlet engine: [Apache Tomcat/10.1.46]
2025-11-27T17:38:24.115+09:00  INFO 13108 --- [restartedMain] o.a.c.c.C.[Tomcat].[localhost].[/]       : Initializing Spring embedded WebApplicationContext
2025-11-27T17:38:24.119+09:00  INFO 13108 --- [restartedMain] w.s.c.ServletWebServerApplicationContext : Root WebApplicationContext: initialization completed in 8151 ms
2025-11-27T17:38:25.080+09:00 DEBUG 13108 --- [restartedMain] o.mybatis.spring.SqlSessionFactoryBean   : Parsed mapper file: 'file [C:\medi\backend\build\resources\main\mapper\admin\adminMapper.xml]'
2025-11-27T17:38:25.130+09:00 DEBUG 13108 --- [restartedMain] o.mybatis.spring.SqlSessionFactoryBean   : Parsed mapper file: 'file [C:\medi\backend\build\resources\main\mapper\agent\AgentMapper.xml]'
2025-11-27T17:38:25.144+09:00 DEBUG 13108 --- [restartedMain] o.mybatis.spring.SqlSessionFactoryBean   : Parsed mapper file: 'file [C:\medi\backend\build\resources\main\mapper\auth\AuthMapper.xml]'
2025-11-27T17:38:25.169+09:00 DEBUG 13108 --- [restartedMain] o.mybatis.spring.SqlSessionFactoryBean   : Parsed mapper file: 'file [C:\medi\backend\build\resources\main\mapper\billing\BillingMapper.xml]'
2025-11-27T17:38:25.199+09:00 DEBUG 13108 --- [restartedMain] o.mybatis.spring.SqlSessionFactoryBean   : Parsed mapper file: 'file [C:\medi\backend\build\resources\main\mapper\filter\FilterMapper.xml]'
2025-11-27T17:38:25.219+09:00 DEBUG 13108 --- [restartedMain] o.mybatis.spring.SqlSessionFactoryBean   : Parsed mapper file: 'file [C:\medi\backend\build\resources\main\mapper\userdashboard\UserDashboardMapper.xml]'
2025-11-27T17:38:25.234+09:00 DEBUG 13108 --- [restartedMain] o.mybatis.spring.SqlSessionFactoryBean   : Parsed mapper file: 'file [C:\medi\backend\build\resources\main\mapper\user\UserMapper.xml]'
2025-11-27T17:38:25.244+09:00 DEBUG 13108 --- [restartedMain] o.mybatis.spring.SqlSessionFactoryBean   : Parsed mapper file: 'file [C:\medi\backend\build\resources\main\mapper\youtube\ChannelMapper.xml]'
2025-11-27T17:38:25.254+09:00 DEBUG 13108 --- [restartedMain] o.mybatis.spring.SqlSessionFactoryBean   : Parsed mapper file: 'file [C:\medi\backend\build\resources\main\mapper\youtube\VideoMapper.xml]'
2025-11-27T17:38:25.269+09:00 DEBUG 13108 --- [restartedMain] o.mybatis.spring.SqlSessionFactoryBean   : Parsed mapper file: 'file [C:\medi\backend\build\resources\main\mapper\youtube\YoutubeChannelMapper.xml]'
2025-11-27T17:38:25.280+09:00 DEBUG 13108 --- [restartedMain] o.mybatis.spring.SqlSessionFactoryBean   : Parsed mapper file: 'file [C:\medi\backend\build\resources\main\mapper\youtube\YoutubeCommentSyncCursorMapper.xml]'
2025-11-27T17:38:25.299+09:00 DEBUG 13108 --- [restartedMain] o.mybatis.spring.SqlSessionFactoryBean   : Parsed mapper file: 'file [C:\medi\backend\build\resources\main\mapper\youtube\YoutubeOAuthTokenMapper.xml]'
2025-11-27T17:38:25.314+09:00 DEBUG 13108 --- [restartedMain] o.mybatis.spring.SqlSessionFactoryBean   : Parsed mapper file: 'file [C:\medi\backend\build\resources\main\mapper\youtube\YoutubeSyncStatusMapper.xml]'
2025-11-27T17:38:25.324+09:00 DEBUG 13108 --- [restartedMain] o.mybatis.spring.SqlSessionFactoryBean   : Parsed mapper file: 'file [C:\medi\backend\build\resources\main\mapper\youtube\YoutubeVideoMapper.xml]'
2025-11-27T17:38:26.339+09:00  INFO 13108 --- [restartedMain] eAuthenticationProviderManagerConfigurer : Global AuthenticationManager configured with AuthenticationProvider bean with name authenticationProvider
2025-11-27T17:38:26.344+09:00  WARN 13108 --- [restartedMain] r$InitializeUserDetailsManagerConfigurer : Global AuthenticationManager configured with an AuthenticationProvider bean. UserDetailsService beans will not be used by Spring Security for automatically configuring username/password login. Consider removing the AuthenticationProvider bean. Alternatively, consider using the UserDetailsService in a manually instantiated DaoAuthenticationProvider. If the current configuration is intentional, to turn off this warning, increase the logging level of 'org.springframework.security.config.annotation.authentication.configuration.InitializeUserDetailsBeanManagerConfigurer' to ERROR
2025-11-27T17:38:27.374+09:00  INFO 13108 --- [restartedMain] c.m.backend.global.config.AsyncConfig    : ? Transcript Executor 빈 생성 완료: corePoolSize=2, maxPoolSize=3, queueCapacity=50
2025-11-27T17:38:27.389+09:00  INFO 13108 --- [restartedMain] c.m.b.y.r.s.YoutubeTranscriptServiceImpl : ? Transcript Executor 초기화 완료
2025-11-27T17:38:27.405+09:00  INFO 13108 --- [restartedMain] c.m.b.youtube.service.YoutubeService     : ? YoutubeRedisSyncService가 정상적으로 주입되었습니다.
2025-11-27T17:38:27.474+09:00  INFO 13108 --- [restartedMain] c.m.backend.global.config.AsyncConfig    : ? Redis Sync Executor 빈 생성 완료: corePoolSize=4, maxPoolSize=8, queueCapacity=50
2025-11-27T17:38:28.364+09:00  INFO 13108 --- [restartedMain] o.s.b.a.e.web.EndpointLinksResolver      : Exposing 1 endpoint beneath base path '/actuator'
2025-11-27T17:38:28.762+09:00 DEBUG 13108 --- [restartedMain] o.s.s.web.DefaultSecurityFilterChain     : Will secure any request with filters: DisableEncodeUrlFilter, WebAsyncManagerIntegrationFilter, SecurityContextPersistenceFilter, HeaderWriterFilter, CorsFilter, LogoutFilter, OAuth2AuthorizationRequestRedirectFilter, OAuth2LoginAuthenticationFilter, ConcurrentSessionFilter, RequestCacheAwareFilter, SecurityContextHolderAwareRequestFilter, AnonymousAuthenticationFilter, SessionManagementFilter, ExceptionTranslationFilter, AuthorizationFilter
2025-11-27T17:38:29.019+09:00 DEBUG 13108 --- [restartedMain] o.m.s.b.a.MybatisAutoConfiguration       : Not found configuration for registering mapper bean using @MapperScan, MapperFactoryBean and MapperScannerConfigurer.
2025-11-27T17:38:29.694+09:00  INFO 13108 --- [restartedMain] o.s.b.d.a.OptionalLiveReloadServer       : LiveReload server is running on port 35729
2025-11-27T17:38:29.825+09:00  INFO 13108 --- [restartedMain] o.s.b.w.embedded.tomcat.TomcatWebServer  : Tomcat started on port 8080 (http) with context path '/'
2025-11-27T17:38:29.875+09:00  INFO 13108 --- [restartedMain] com.medi.backend.BackendApplication      : Started BackendApplication in 15.713 seconds (process running for 17.261)
2025-11-27T17:38:29.889+09:00  INFO 13108 --- [restartedMain] c.m.b.youtube.config.YtDlpInitializer    : ? yt-dlp 설치 확인 시작: path=yt-dlp
2025-11-27T17:38:31.014+09:00  INFO 13108 --- [restartedMain] c.m.b.youtube.config.YtDlpInitializer    : ? yt-dlp가 이미 설치되어 있습니다: version=2025.11.12
2025-11-27T17:38:54.019+09:00  INFO 13108 --- [http-nio-8080-exec-1] o.a.c.c.C.[Tomcat].[localhost].[/]       : Initializing Spring DispatcherServlet 'dispatcherServlet'
2025-11-27T17:38:54.019+09:00  INFO 13108 --- [http-nio-8080-exec-1] o.s.web.servlet.DispatcherServlet        : Initializing Servlet 'dispatcherServlet'
2025-11-27T17:38:54.024+09:00  INFO 13108 --- [http-nio-8080-exec-1] o.s.web.servlet.DispatcherServlet        : Completed initialization in 1 ms
2025-11-27T17:38:54.094+09:00 DEBUG 13108 --- [http-nio-8080-exec-1] o.s.security.web.FilterChainProxy        : Securing GET /api/auth/me
2025-11-27T17:38:54.118+09:00 DEBUG 13108 --- [http-nio-8080-exec-1] s.s.w.c.SecurityContextPersistenceFilter : Set SecurityContextHolder to empty SecurityContext
2025-11-27T17:38:54.164+09:00 DEBUG 13108 --- [http-nio-8080-exec-1] o.s.s.w.a.AnonymousAuthenticationFilter  : Set SecurityContextHolder to anonymous SecurityContext
2025-11-27T17:38:54.184+09:00 DEBUG 13108 --- [http-nio-8080-exec-1] o.s.security.web.FilterChainProxy        : Secured GET /api/auth/me
2025-11-27T17:38:54.259+09:00 DEBUG 13108 --- [http-nio-8080-exec-1] w.c.HttpSessionSecurityContextRepository : Did not store anonymous SecurityContext
2025-11-27T17:38:54.264+09:00 DEBUG 13108 --- [http-nio-8080-exec-1] w.c.HttpSessionSecurityContextRepository : Did not store anonymous SecurityContext
2025-11-27T17:38:54.264+09:00 DEBUG 13108 --- [http-nio-8080-exec-1] s.s.w.c.SecurityContextPersistenceFilter : Cleared SecurityContextHolder to complete request
2025-11-27T17:39:05.145+09:00 DEBUG 13108 --- [http-nio-8080-exec-2] o.s.security.web.FilterChainProxy        : Securing GET /api/auth/oauth2/google/url
2025-11-27T17:39:05.145+09:00 DEBUG 13108 --- [http-nio-8080-exec-2] s.s.w.c.SecurityContextPersistenceFilter : Set SecurityContextHolder to empty SecurityContext
2025-11-27T17:39:05.145+09:00 DEBUG 13108 --- [http-nio-8080-exec-2] o.s.s.w.a.AnonymousAuthenticationFilter  : Set SecurityContextHolder to anonymous SecurityContext
2025-11-27T17:39:05.145+09:00 DEBUG 13108 --- [http-nio-8080-exec-2] o.s.security.web.FilterChainProxy        : Secured GET /api/auth/oauth2/google/url
2025-11-27T17:39:05.153+09:00  INFO 13108 --- [http-nio-8080-exec-2] c.m.b.a.controller.OAuth2AuthController  : Google OAuth2 로그인 URL 요청
2025-11-27T17:39:05.153+09:00 DEBUG 13108 --- [http-nio-8080-exec-2] w.c.HttpSessionSecurityContextRepository : Did not store anonymous SecurityContext
2025-11-27T17:39:05.153+09:00 DEBUG 13108 --- [http-nio-8080-exec-2] w.c.HttpSessionSecurityContextRepository : Did not store anonymous SecurityContext
2025-11-27T17:39:05.153+09:00 DEBUG 13108 --- [http-nio-8080-exec-2] s.s.w.c.SecurityContextPersistenceFilter : Cleared SecurityContextHolder to complete request
2025-11-27T17:39:05.196+09:00 DEBUG 13108 --- [http-nio-8080-exec-3] o.s.security.web.FilterChainProxy        : Securing GET /oauth2/authorization/google
2025-11-27T17:39:05.196+09:00 DEBUG 13108 --- [http-nio-8080-exec-3] s.s.w.c.SecurityContextPersistenceFilter : Set SecurityContextHolder to empty SecurityContext
2025-11-27T17:39:05.212+09:00 DEBUG 13108 --- [http-nio-8080-exec-3] CustomOAuth2AuthorizationRequestResolver : OAuth2 authorization request: Added prompt=select_account
2025-11-27T17:39:05.269+09:00 DEBUG 13108 --- [http-nio-8080-exec-3] o.s.s.web.DefaultRedirectStrategy        : Redirecting to https://accounts.google.com/o/oauth2/v2/auth?response_type=code&client_id=822144286387-qrfvbmirmd79ihu44a6d7c87l7h4pfqh.apps.googleusercontent.com&scope=openid%20email%20profile&state=7BT8OXWNIpIj0CVEg0DNymARLJRiRGyNERMyj1-sEpU%3D&redirect_uri=http://localhost:8080/login/oauth2/code/google&nonce=xZQxST32_p5l-S_YYnq83HtOlPYNA96KSl6PbPuIGTc&prompt=select_account
2025-11-27T17:39:05.269+09:00 DEBUG 13108 --- [http-nio-8080-exec-3] w.c.HttpSessionSecurityContextRepository : Did not store empty SecurityContext
2025-11-27T17:39:05.274+09:00 DEBUG 13108 --- [http-nio-8080-exec-3] w.c.HttpSessionSecurityContextRepository : Did not store empty SecurityContext
2025-11-27T17:39:05.274+09:00 DEBUG 13108 --- [http-nio-8080-exec-3] s.s.w.c.SecurityContextPersistenceFilter : Cleared SecurityContextHolder to complete request
2025-11-27T17:39:08.735+09:00 DEBUG 13108 --- [http-nio-8080-exec-4] o.s.security.web.FilterChainProxy        : Securing GET /api/auth/me
2025-11-27T17:39:08.735+09:00 DEBUG 13108 --- [http-nio-8080-exec-4] s.s.w.c.SecurityContextPersistenceFilter : Set SecurityContextHolder to empty SecurityContext
2025-11-27T17:39:08.735+09:00 DEBUG 13108 --- [http-nio-8080-exec-4] o.s.s.w.a.AnonymousAuthenticationFilter  : Set SecurityContextHolder to anonymous SecurityContext
2025-11-27T17:39:08.735+09:00 DEBUG 13108 --- [http-nio-8080-exec-4] o.s.security.web.FilterChainProxy        : Secured GET /api/auth/me
2025-11-27T17:39:08.743+09:00 DEBUG 13108 --- [http-nio-8080-exec-4] w.c.HttpSessionSecurityContextRepository : Did not store anonymous SecurityContext
2025-11-27T17:39:08.743+09:00 DEBUG 13108 --- [http-nio-8080-exec-4] w.c.HttpSessionSecurityContextRepository : Did not store anonymous SecurityContext
2025-11-27T17:39:08.743+09:00 DEBUG 13108 --- [http-nio-8080-exec-4] s.s.w.c.SecurityContextPersistenceFilter : Cleared SecurityContextHolder to complete request
2025-11-27T17:39:32.204+09:00 DEBUG 13108 --- [http-nio-8080-exec-5] o.s.security.web.FilterChainProxy        : Securing GET /api/auth/me
2025-11-27T17:39:32.209+09:00 DEBUG 13108 --- [http-nio-8080-exec-5] s.s.w.c.SecurityContextPersistenceFilter : Set SecurityContextHolder to empty SecurityContext
2025-11-27T17:39:32.209+09:00 DEBUG 13108 --- [http-nio-8080-exec-5] o.s.s.w.a.AnonymousAuthenticationFilter  : Set SecurityContextHolder to anonymous SecurityContext
2025-11-27T17:39:32.212+09:00 DEBUG 13108 --- [http-nio-8080-exec-5] o.s.security.web.FilterChainProxy        : Secured GET /api/auth/me
2025-11-27T17:39:32.214+09:00 DEBUG 13108 --- [http-nio-8080-exec-5] w.c.HttpSessionSecurityContextRepository : Did not store anonymous SecurityContext
2025-11-27T17:39:32.219+09:00 DEBUG 13108 --- [http-nio-8080-exec-5] w.c.HttpSessionSecurityContextRepository : Did not store anonymous SecurityContext
2025-11-27T17:39:32.219+09:00 DEBUG 13108 --- [http-nio-8080-exec-5] s.s.w.c.SecurityContextPersistenceFilter : Cleared SecurityContextHolder to complete request
